Mplus VERSION 8.10
MUTHEN & MUTHEN
12/01/2025   6:19 PM

INPUT INSTRUCTIONS

  TITLE:
    Model 1c - Selective Zero Constraints + N(0,5) Priors
    NE25 Authenticity Screening Stage 1
    2-Parameter IRT with Demographic Covariates
    Generated: 2025-12-01

  DATA:
    FILE = "model_1a.dat";

  VARIABLE:
    NAMES =
      pid recordid female years femXyrs logyrs AA4 AA5 AA6 AA7 AA9 AA11 AA12
      AA13 AA14 AA15 AA17 AA19 AA20 AA21 AA24 AA26 AA27 AA28 AA29 AA30 AA31 AA34
      AA36 AA38 AA41 AA43 AA46 AA47 AA49 AA50 AA54 AA55 AA56 AA57 AA60 AA65 AA68
      AA69 AA71 AA72 AA102 AA104 AA203 AA205 BB5 BB6 BB201 CC4 CC5 CC6 CC8 CC9
      CC10 CC11 CC12 CC13 CC14 CC15 CC16 CC17 CC18 CC19 CC20 CC21 CC25 CC26 CC27
      CC28 CC29 CC30 CC31 CC32 CC33 CC34 CC35 CC36 CC37 CC39 CC40 CC41 CC42 CC43
      CC45 CC46 CC48 CC50 CC51 CC52 CC53 CC54 CC56 CC60 CC61 CC62 CC64 CC65 CC66
      CC67 CC68 CC69 CC71 CC72 CC74 CC75 CC76 CC78 CC79y CC80 CC83 CC84 CC85
      CC87 CC89 DD15 DD19 DD103 DD205 DD207 DD221 DD299 EG1_1 EG1_2 EG2_1 EG3_1
      EG4a_1 EG4b_2 EG5a EG5b EG6_1 EG6_2 EG7_1 EG7_2 EG8_1 EG8_2 EG9a EG10a
      EG11_1 EG12a EG13a EG14a EG14b EG15_1 EG15_2 EG16a_1 EG16a_2 EG16b EG16c
      EG17a EG17b EG18a EG18b EG19a_2 EG19a_3 EG19a_4 EG20a EG20b_1 EG20c EG20d
      EG20e_1 EG20e_2 EG21a EG21b EG22_1 EG22_2 EG23a EG23b EG24b EG25a EG25b
      EG26b EG27a EG27b_1 EG28a EG28b EG28c EG29a EG29b EG29c EG30a EG30c EG30d
      EG30e EG30f EG31a_1 EG31a_2 EG31b EG32a EG32b EG33a EG33b EG34a EG34b
      EG35b EG36b EG37_1 EG37_2 EG38a EG38b EG38c EG39a EG39b EG40_1 EG41_1
      EG41_2 EG42a EG42c EG43a_1 EG43a_2 EG43b EG44_1 EG44_2 EG45_1 EG45_2
      EG46a_1 EG46a_2 EG46b EG46c EG46d EG47a EG47b EG48_2 EG49_1 EG49_2 EG50b
      PS002 PS003 PS004 PS005 PS006 PS007 PS008 PS009 PS010 PS011 PS013 PS014
      PS015 PS016 PS017 PS018 PS019 PS020 PS022 PS023 PS024 PS025 PS026 PS027
      PS028 PS029 PS030 PS031 PS032 PS034 PS035 PS036 PS037 PS038 PS039 PS040
      PS041 PS042 PS043 PS044 PS045 PS046 PS047 PS048 PS049;

    USEVARIABLES =
      female years femXyrs logyrs AA4 AA5 AA6 AA7 AA9 AA11 AA12 AA13 AA14 AA15
      AA17 AA19 AA20 AA21 AA24 AA26 AA27 AA28 AA29 AA30 AA31 AA34 AA36 AA38 AA41
      AA43 AA46 AA47 AA49 AA50 AA54 AA55 AA56 AA57 AA60 AA65 AA68 AA69 AA71 AA72
      AA102 AA104 AA203 AA205 BB5 BB6 BB201 CC4 CC5 CC6 CC8 CC9 CC10 CC11 CC12
      CC13 CC14 CC15 CC16 CC17 CC18 CC19 CC20 CC21 CC25 CC26 CC27 CC28 CC29 CC30
      CC31 CC32 CC33 CC34 CC35 CC36 CC37 CC39 CC40 CC41 CC42 CC43 CC45 CC46 CC48
      CC50 CC51 CC52 CC53 CC54 CC56 CC60 CC61 CC62 CC64 CC65 CC66 CC67 CC68 CC69
      CC71 CC72 CC74 CC75 CC76 CC78 CC79y CC80 CC83 CC84 CC85 CC87 CC89 DD15
      DD19 DD103 DD205 DD207 DD221 DD299 EG1_1 EG1_2 EG2_1 EG3_1 EG4a_1 EG4b_2
      EG5a EG5b EG6_1 EG6_2 EG7_1 EG7_2 EG8_1 EG8_2 EG9a EG10a EG11_1 EG12a
      EG13a EG14a EG14b EG15_1 EG15_2 EG16a_1 EG16a_2 EG16b EG16c EG17a EG17b
      EG18a EG18b EG19a_2 EG19a_3 EG19a_4 EG20a EG20b_1 EG20c EG20d EG20e_1
      EG20e_2 EG21a EG21b EG22_1 EG22_2 EG23a EG23b EG24b EG25a EG25b EG26b
      EG27a EG27b_1 EG28a EG28b EG28c EG29a EG29b EG29c EG30a EG30c EG30d EG30e
      EG30f EG31a_1 EG31a_2 EG31b EG32a EG32b EG33a EG33b EG34a EG34b EG35b
      EG36b EG37_1 EG37_2 EG38a EG38b EG38c EG39a EG39b EG40_1 EG41_1 EG41_2
      EG42a EG42c EG43a_1 EG43a_2 EG43b EG44_1 EG44_2 EG45_1 EG45_2 EG46a_1
      EG46a_2 EG46b EG46c EG46d EG47a EG47b EG48_2 EG49_1 EG49_2 EG50b PS002
      PS003 PS004 PS005 PS006 PS007 PS008 PS009 PS010 PS011 PS013 PS014 PS015
      PS016 PS017 PS018 PS019 PS020 PS022 PS023 PS024 PS025 PS026 PS027 PS028
      PS029 PS030 PS031 PS032 PS034 PS035 PS036 PS037 PS038 PS039 PS040 PS041
      PS042 PS043 PS044 PS045 PS046 PS047 PS048 PS049;

    CATEGORICAL =
       AA4 AA5 AA6 AA7 AA9 AA11 AA12 AA13 AA14 AA15 AA17 AA19 AA20 AA21 AA24
      AA26 AA27 AA28 AA29 AA30 AA31 AA34 AA36 AA38 AA41 AA43 AA46 AA47 AA49 AA50
      AA54 AA55 AA56 AA57 AA60 AA65 AA68 AA69 AA71 AA72 AA102 AA104 AA203 AA205
      BB5 BB6 BB201 CC4 CC5 CC6 CC8 CC9 CC10 CC11 CC12 CC13 CC14 CC15 CC16 CC17
      CC18 CC19 CC20 CC21 CC25 CC26 CC27 CC28 CC29 CC30 CC31 CC32 CC33 CC34 CC35
      CC36 CC37 CC39 CC40 CC41 CC42 CC43 CC45 CC46 CC48 CC50 CC51 CC52 CC53 CC54
      CC56 CC60 CC61 CC62 CC64 CC65 CC66 CC67 CC68 CC69 CC71 CC72 CC74 CC75 CC76
      CC78 CC79y CC80 CC83 CC84 CC85 CC87 CC89 DD15 DD19 DD103 DD205 DD207 DD221
      DD299 EG1_1 EG1_2 EG2_1 EG3_1 EG4a_1 EG4b_2 EG5a EG5b EG6_1 EG6_2 EG7_1
      EG7_2 EG8_1 EG8_2 EG9a EG10a EG11_1 EG12a EG13a EG14a EG14b EG15_1 EG15_2
      EG16a_1 EG16a_2 EG16b EG16c EG17a EG17b EG18a EG18b EG19a_2 EG19a_3
      EG19a_4 EG20a EG20b_1 EG20c EG20d EG20e_1 EG20e_2 EG21a EG21b EG22_1
      EG22_2 EG23a EG23b EG24b EG25a EG25b EG26b EG27a EG27b_1 EG28a EG28b EG28c
      EG29a EG29b EG29c EG30a EG30c EG30d EG30e EG30f EG31a_1 EG31a_2 EG31b
      EG32a EG32b EG33a EG33b EG34a EG34b EG35b EG36b EG37_1 EG37_2 EG38a EG38b
      EG38c EG39a EG39b EG40_1 EG41_1 EG41_2 EG42a EG42c EG43a_1 EG43a_2 EG43b
      EG44_1 EG44_2 EG45_1 EG45_2 EG46a_1 EG46a_2 EG46b EG46c EG46d EG47a EG47b
      EG48_2 EG49_1 EG49_2 EG50b PS002 PS003 PS004 PS005 PS006 PS007 PS008 PS009
      PS010 PS011 PS013 PS014 PS015 PS016 PS017 PS018 PS019 PS020 PS022 PS023
      PS024 PS025 PS026 PS027 PS028 PS029 PS030 PS031 PS032 PS034 PS035 PS036
      PS037 PS038 PS039 PS040 PS041 PS042 PS043 PS044 PS045 PS046 PS047 PS048
      PS049;

    IDVARIABLE = pid;
    AUXILIARY = recordid;

    MISSING = . ;

    ! Create derived covariates
    DEFINE:

  ANALYSIS:
    ESTIMATOR = MLR;                     ! Maximum likelihood with robust SEs
    ALGORITHM = INTEGRATION;             ! Numerical integration for categorical
    INTEGRATION = GAUSS(16);             ! 16-point Gauss-Hermite quadrature
    LINK = LOGIT;                        ! Logit link (graded response model)
    PROCESSORS = 16;                     ! Parallel processing

  MODEL:
    ! FACTOR 1: PSYCHOSOCIAL/BEHAVIORAL (Dimension 1)
    ! SELECTIVE CONSTRAINTS: Items with loading < 0.2 constrained positive (0 < param)
    ! Starting values from Model 1b
    F_Psych BY
      AA4*0.30863     (a001)
      AA50*1.24336     (a002)
      AA54*1     (a003)
      AA55*1     (a004)
      AA56*1     (a005)
      AA57*0.66275     (a006)
      AA60*1     (a007)
      AA65*0.51765     (a008)
      AA68*0.80031     (a009)
      AA69*0.38153     (a010)
      AA71*1     (a011)
      AA72*1     (a012)
      AA102*1.30986     (a013)
      AA104*0.41774     (a014)
      AA203*1.14036     (a015)
      AA205*1     (a016)
      BB5*1     (a017)
      BB6*0.32858     (a018)
      CC4*0.61999     (a019)
      CC8*1.53146     (a020)
      CC11*0.78558     (a021)
      CC12*1     (a022)
      CC13*0.61959     (a023)
      CC20*1.46467     (a024)
      CC25*0.54301     (a025)
      CC26*1.03907     (a026)
      CC33*0.54443     (a027)
      CC54*1     (a028)
      CC60*1     (a029)
      CC62*0.32789     (a030)
      CC65*0.30836     (a031)
      CC68*1     (a032)
      CC69*1     (a033)
      CC78*1     (a034)
      CC80*0.40975     (a035)
      CC83*1     (a036)
      CC85*1     (a037)
      CC87*1     (a038)
      CC89*0.64282     (a039)
      DD103*0.74813     (a040)
      DD221*1.28887     (a041)
      DD299*1.06890     (a042)
      EG5a*0.91804     (a043)
      EG5b*0.31308     (a044)
      EG6_1*0.26764     (a045)
      EG6_2*0.42474     (a046)
      EG16a_1*0.59547     (a047)
      EG16a_2*0.84493     (a048)
      EG16b*1.31501     (a049)
      EG16c*0.42841     (a050)
      EG17a*0.46238     (a051)
      EG17b*0.25690     (a052)
      EG18a*0.82930     (a053)
      EG18b*0.30986     (a054)
      EG23a*0.88681     (a055)
      EG23b*0.25840     (a056)
      EG24b*1.35626     (a057)
      EG25a*1.32002     (a058)
      EG25b*0.62037     (a059)
      EG26b*1.21200     (a060)
      EG37_1*0.66170     (a061)
      EG37_2*0.28124     (a062)
      EG38a*0.59517     (a063)
      EG38b*0.45219     (a064)
      EG38c*1     (a065)
      EG39a*1     (a066)
      EG39b*0.31177     (a067)
      EG40_1*0.62865     (a068)
      EG41_1*0.72599     (a069)
      EG41_2*1     (a070)
      EG43a_2*0.43399     (a071)
      PS002*1.03140     (a072)
      PS003*1.63861     (a073)
      PS004*1.39520     (a074)
      PS005*1.40589     (a075)
      PS006*1.52628     (a076)
      PS007*1.93351     (a077)
      PS008*1.62932     (a078)
      PS009*1.41236     (a079)
      PS010*1.23554     (a080)
      PS011*1.06842     (a081)
      PS013*1.01150     (a082)
      PS014*1.82302     (a083)
      PS015*2.42732     (a084)
      PS016*2.11934     (a085)
      PS017*1.62888     (a086)
      PS018*0.90284     (a087)
      PS019*1.31127     (a088)
      PS020*1.15916     (a089)
      PS022*2.11909     (a090)
      PS023*1.82727     (a091)
      PS024*2.28849     (a092)
      PS025*1.30747     (a093)
      PS026*2.04113     (a094)
      PS027*2.19223     (a095)
      PS028*1.51529     (a096)
      PS029*2.13405     (a097)
      PS030*1.07016     (a098)
      PS031*1.44826     (a099)
      PS032*2.30040     (a100)
      PS034*1.66754     (a101)
      PS035*1.29630     (a102)
      PS036*1.32255     (a103)
      PS037*2.04063     (a104)
      PS038*1.54107     (a105)
      PS039*1.58011     (a106)
      PS040*1.51761     (a107)
      PS041*2.38965     (a108)
      PS042*1.93310     (a109)
      PS043*2.09980     (a110)
      PS044*1.90366     (a111)
      PS045*2.61804     (a112)
      PS046*1.54022     (a113)
      PS047*1.25869     (a114)
      PS048*1.75597     (a115)
      PS049*2.22342     (a116);

    ! FACTOR 2: DEVELOPMENTAL SKILLS (Dimension 2)
    ! SELECTIVE CONSTRAINTS: Items with loading < 0.2 constrained positive (0 < param)
    ! Starting values from Model 1b
    F_Dev BY
      AA5*0.71970     (b001)
      AA6*1.02176     (b002)
      AA7*0.59872     (b003)
      AA9*0.54588     (b004)
      AA11*0.44366     (b005)
      AA12*0.36251     (b006)
      AA13*0.74540     (b007)
      AA14*0.59812     (b008)
      AA15*0.51903     (b009)
      AA17*2.05187     (b010)
      AA19*2.01962     (b011)
      AA20*2.69115     (b012)
      AA21*1.63165     (b013)
      AA24*1.12376     (b014)
      AA26*1.34867     (b015)
      AA27*1.22394     (b016)
      AA28*2.40270     (b017)
      AA29*1.80811     (b018)
      AA30*1.21913     (b019)
      AA31*1.08169     (b020)
      AA34*0.32301     (b021)
      AA36*1.96919     (b022)
      AA38*1.13263     (b023)
      AA41*1.78017     (b024)
      AA43*1.55221     (b025)
      AA46*1.03749     (b026)
      AA47*2.10743     (b027)
      AA49*1.06393     (b028)
      BB201*1.32650     (b029)
      CC5*1.35140     (b030)
      CC6*1.34503     (b031)
      CC9*1.33476     (b032)
      CC10*0.25168     (b033)
      CC14*1.15224     (b034)
      CC15*0.54914     (b035)
      CC16*1     (b036)
      CC17*1.38295     (b037)
      CC18*0.88743     (b038)
      CC19*0.82204     (b039)
      CC21*0.56021     (b040)
      CC27*1.11643     (b041)
      CC28*0.98051     (b042)
      CC29*0.45733     (b043)
      CC30*1.04428     (b044)
      CC31*0.47605     (b045)
      CC32*0.70119     (b046)
      CC34*0.53502     (b047)
      CC35*0.96635     (b048)
      CC36*0.67286     (b049)
      CC37*1.18295     (b050)
      CC39*2.29324     (b051)
      CC40*3.37567     (b052)
      CC41*1.00319     (b053)
      CC42*1.46387     (b054)
      CC43*1.39715     (b055)
      CC45*2.86717     (b056)
      CC46*2.14720     (b057)
      CC48*3.03380     (b058)
      CC50*1.28666     (b059)
      CC51*1.39858     (b060)
      CC52*1.83097     (b061)
      CC53*0.84901     (b062)
      CC56*2.54421     (b063)
      CC61*1.67470     (b064)
      CC64*0.87292     (b065)
      CC66*1.22310     (b066)
      CC67*0.96161     (b067)
      CC71*1.30328     (b068)
      CC72*2.09865     (b069)
      CC74*1.75330     (b070)
      CC75*1.77681     (b071)
      CC76*0.68551     (b072)
      CC79y*1.75068     (b073)
      CC84*0.71773     (b074)
      DD15*0.94390     (b075)
      DD19*1.52351     (b076)
      DD205*1.02085     (b077)
      DD207*0.72589     (b078)
      EG1_1*1.44178     (b079)
      EG1_2*1.40288     (b080)
      EG2_1*2.01358     (b081)
      EG3_1*1.86457     (b082)
      EG4a_1*1.48427     (b083)
      EG4b_2*1.14650     (b084)
      EG7_1*1     (b085)
      EG7_2*0.61560     (b086)
      EG8_1*0.20511     (b087)
      EG8_2*1.16121     (b088)
      EG9a*0.48659     (b089)
      EG10a*2.24741     (b090)
      EG11_1*1.70696     (b091)
      EG12a*1.77912     (b092)
      EG13a*0.92303     (b093)
      EG14a*1.76128     (b094)
      EG14b*1.04735     (b095)
      EG15_1*1.16950     (b096)
      EG15_2*1.39314     (b097)
      EG19a_2*2.62016     (b098)
      EG19a_3*2.18339     (b099)
      EG19a_4*2.44826     (b100)
      EG20a*1.47590     (b101)
      EG20b_1*0.86165     (b102)
      EG20c*1.70052     (b103)
      EG20d*1.66143     (b104)
      EG20e_1*1.37700     (b105)
      EG20e_2*1.43359     (b106)
      EG21a*1.26010     (b107)
      EG21b*1.45536     (b108)
      EG22_1*1.84773     (b109)
      EG22_2*1.68376     (b110)
      EG27a*1.15991     (b111)
      EG27b_1*1.41331     (b112)
      EG28a*2.26327     (b113)
      EG28b*2.22393     (b114)
      EG28c*2.26346     (b115)
      EG29a*1.18325     (b116)
      EG29b*1.26216     (b117)
      EG29c*1.19903     (b118)
      EG30a*1.34017     (b119)
      EG30c*1.14659     (b120)
      EG30d*1     (b121)
      EG30e*1     (b122)
      EG30f*0.79562     (b123)
      EG31a_1*1.32224     (b124)
      EG31a_2*1.08223     (b125)
      EG31b*1.74833     (b126)
      EG32a*1.37630     (b127)
      EG32b*1.50343     (b128)
      EG33a*1.49809     (b129)
      EG33b*1.19818     (b130)
      EG34a*0.85515     (b131)
      EG34b*1.09363     (b132)
      EG35b*0.69670     (b133)
      EG36b*0.83147     (b134)
      EG42a*1.61507     (b135)
      EG42c*1.78783     (b136)
      EG43a_1*0.99653     (b137)
      EG43b*1.31182     (b138)
      EG44_1*1.04834     (b139)
      EG44_2*1     (b140)
      EG45_1*1.50615     (b141)
      EG45_2*1.58454     (b142)
      EG46a_1*1.76213     (b143)
      EG46a_2*2.23332     (b144)
      EG46b*0.70634     (b145)
      EG46c*1.76154     (b146)
      EG46d*1.60572     (b147)
      EG47a*2.75832     (b148)
      EG47b*2.56006     (b149)
      EG48_2*1.80165     (b150)
      EG49_1*1.11078     (b151)
      EG49_2*1.69306     (b152)
      EG50b*1.57606     (b153);

    ! LATENT REGRESSION: Factors predicted by demographics
    ! Starting values from Model 1b
    F_Psych ON female*0.09784;
    F_Psych ON years*0.59082;
    F_Psych ON femXyrs*0.02577;
    F_Psych ON logyrs*-2.53552;
    F_Dev ON female*0.24952;
    F_Dev ON years*-0.45075;
    F_Dev ON femXyrs*-0.02993;
    F_Dev ON logyrs*6.45478;

    ! Factor residual correlation
    F_Psych WITH F_Dev*0.06012;

    ! Factor means/intercepts (fixed for identification)
    [F_Psych@0];
    [F_Dev@0];

    ! Item thresholds with starting values from Model 1b
    [ AA4$1*-0.63747 ];
    [ AA50$1*-0.82249 ];
    [ AA54$1*-0.19576 ];
    [ AA55$1*0.26947 ];
    [ AA56$1*1.90340 ];
    [ AA57$1*-2.24161 ];
    [ AA60$1*0.11180 ];
    [ AA65$1*-0.99929 ];
    [ AA68$1*-3.30922 ];
    [ AA69$1*-1.72378 ];
    [ AA71$1*-0.44381 ];
    [ AA72$1*-0.53473 ];
    [ AA102$1*-1.88903 ];
    [ AA104$1*-1.69096 ];
    [ AA203$1*-1.66026 ];
    [ AA205$1*0.52003 ];
    [ BB5$1*-0.37733 ];
    [ BB6$1*-1.67422 ];
    [ CC4$1*-2.46961 ];
    [ CC8$1*-2.61076 ];
    [ CC11$1*-2.42190 ];
    [ CC12$1*-3.27296 ];
    [ CC13$1*-3.75402 ];
    [ CC20$1*-2.08210 ];
    [ CC25$1*-2.15562 ];
    [ CC26$1*-2.81277 ];
    [ CC33$1*-1.71534 ];
    [ CC54$1*-0.80852 ];
    [ CC60$1*-2.93555 ];
    [ CC62$1*-1.41611 ];
    [ CC65$1*-1.70110 ];
    [ CC68$1*-1.57837 ];
    [ CC69$1*0.09323 ];
    [ CC78$1*-0.13221 ];
    [ CC80$1*-0.86631 ];
    [ CC83$1*-0.30620 ];
    [ CC85$1*-0.72034 ];
    [ CC87$1*0.48654 ];
    [ CC89$1*-2.58484 ];
    [ DD103$1*-6.73831 ];
    [ DD103$2*-3.49839 ];
    [ DD103$3*-2.40109 ];
    [ DD103$4*0.18660 ];
    [ DD221$1*-6.37469 ];
    [ DD221$2*-3.40910 ];
    [ DD299$1*-5.60620 ];
    [ DD299$2*-3.75701 ];
    [ DD299$3*-2.31711 ];
    [ DD299$4*2.08158 ];
    [ EG5a$1*-6.04113 ];
    [ EG5a$2*-3.66818 ];
    [ EG5a$3*-2.48001 ];
    [ EG5a$4*0.20856 ];
    [ EG5b$1*-1.27840 ];
    [ EG6_1$1*-1.19495 ];
    [ EG6_2$1*-2.48010 ];
    [ EG16a_1$1*-2.96541 ];
    [ EG16a_1$2*-2.32045 ];
    [ EG16a_1$3*-0.29431 ];
    [ EG16a_2$1*-3.61992 ];
    [ EG16a_2$2*-2.69080 ];
    [ EG16a_2$3*-0.14444 ];
    [ EG16b$1*-5.13585 ];
    [ EG16c$1*-1.70017 ];
    [ EG17a$1*-5.08536 ];
    [ EG17a$2*-2.09877 ];
    [ EG17a$3*-0.88564 ];
    [ EG17a$4*1.67849 ];
    [ EG17b$1*-1.48091 ];
    [ EG18a$1*-6.14224 ];
    [ EG18a$2*-3.36370 ];
    [ EG18a$3*-1.92181 ];
    [ EG18a$4*0.77708 ];
    [ EG18b$1*-1.11935 ];
    [ EG23a$1*-6.76317 ];
    [ EG23a$2*-3.91040 ];
    [ EG23a$3*-2.36827 ];
    [ EG23a$4*0.40293 ];
    [ EG23b$1*-1.53209 ];
    [ EG24b$1*-7.07225 ];
    [ EG24b$2*-5.10332 ];
    [ EG24b$3*-3.41989 ];
    [ EG24b$4*1.01126 ];
    [ EG25a$1*-6.24053 ];
    [ EG25a$2*-4.47396 ];
    [ EG25a$3*-3.09797 ];
    [ EG25a$4*0.85499 ];
    [ EG25b$1*-1.63400 ];
    [ EG26b$1*-6.06150 ];
    [ EG26b$2*-4.42525 ];
    [ EG26b$3*-2.97400 ];
    [ EG26b$4*0.79192 ];
    [ EG37_1$1*-5.73160 ];
    [ EG37_1$2*-3.78112 ];
    [ EG37_1$3*-2.73362 ];
    [ EG37_1$4*-0.59535 ];
    [ EG37_2$1*-3.24123 ];
    [ EG37_2$2*-1.36007 ];
    [ EG37_2$3*-0.77861 ];
    [ EG37_2$4*0.94434 ];
    [ EG38a$1*-4.97112 ];
    [ EG38a$2*-2.63198 ];
    [ EG38a$3*-1.82438 ];
    [ EG38a$4*0.41726 ];
    [ EG38b$1*-2.86143 ];
    [ EG38c$1*-0.87631 ];
    [ EG39a$1*-1.46145 ];
    [ EG39a$2*1.91714 ];
    [ EG39a$3*3.40677 ];
    [ EG39a$4*5.13968 ];
    [ EG39b$1*-5.21963 ];
    [ EG39b$2*-1.97005 ];
    [ EG39b$3*-0.79390 ];
    [ EG39b$4*1.56974 ];
    [ EG40_1$1*-5.26851 ];
    [ EG40_1$2*-2.59967 ];
    [ EG40_1$3*-1.27248 ];
    [ EG40_1$4*1.34879 ];
    [ EG41_1$1*-6.74112 ];
    [ EG41_1$2*-2.87794 ];
    [ EG41_1$3*-0.00636 ];
    [ EG41_2$1*-0.91622 ];
    [ EG41_2$2*1.64032 ];
    [ EG41_2$3*2.66309 ];
    [ EG41_2$4*5.34870 ];
    [ EG43a_2$1*-3.69743 ];
    [ EG43a_2$2*-1.97178 ];
    [ EG43a_2$3*-0.98759 ];
    [ EG43a_2$4*0.96785 ];
    [ PS002$1*-4.66907 ];
    [ PS002$2*-1.82181 ];
    [ PS003$1*-6.54574 ];
    [ PS003$2*-3.48124 ];
    [ PS004$1*-5.50071 ];
    [ PS004$2*-3.80358 ];
    [ PS005$1*-5.73542 ];
    [ PS005$2*-3.40396 ];
    [ PS006$1*-6.29851 ];
    [ PS006$2*-2.49593 ];
    [ PS007$1*-7.17489 ];
    [ PS007$2*-3.50547 ];
    [ PS008$1*-6.36054 ];
    [ PS008$2*-2.88254 ];
    [ PS009$1*-5.99427 ];
    [ PS009$2*-3.00555 ];
    [ PS010$1*-5.13393 ];
    [ PS010$2*-2.68168 ];
    [ PS011$1*-4.42941 ];
    [ PS011$2*-1.82619 ];
    [ PS013$1*-4.49833 ];
    [ PS013$2*-2.38350 ];
    [ PS014$1*-7.39790 ];
    [ PS014$2*-5.04859 ];
    [ PS015$1*-8.97789 ];
    [ PS015$2*-5.81622 ];
    [ PS016$1*-8.28534 ];
    [ PS016$2*-5.21794 ];
    [ PS017$1*-6.39978 ];
    [ PS017$2*-3.78472 ];
    [ PS018$1*-3.92282 ];
    [ PS018$2*-1.07257 ];
    [ PS019$1*-5.41568 ];
    [ PS019$2*-3.05039 ];
    [ PS020$1*-3.75352 ];
    [ PS020$2*-0.29845 ];
    [ PS022$1*-8.17880 ];
    [ PS022$2*-5.30752 ];
    [ PS023$1*-7.35096 ];
    [ PS023$2*-4.07448 ];
    [ PS024$1*-9.40009 ];
    [ PS024$2*-6.02606 ];
    [ PS025$1*-5.12508 ];
    [ PS025$2*-2.13534 ];
    [ PS026$1*-7.93861 ];
    [ PS026$2*-5.09458 ];
    [ PS027$1*-8.13205 ];
    [ PS027$2*-5.09272 ];
    [ PS028$1*-5.77710 ];
    [ PS028$2*-1.78012 ];
    [ PS029$1*-8.45442 ];
    [ PS029$2*-5.72152 ];
    [ PS030$1*-3.96117 ];
    [ PS030$2*-1.10455 ];
    [ PS031$1*-5.82776 ];
    [ PS031$2*-2.66616 ];
    [ PS032$1*-9.23392 ];
    [ PS032$2*-6.06405 ];
    [ PS034$1*-6.11290 ];
    [ PS034$2*-2.68736 ];
    [ PS035$1*-5.38487 ];
    [ PS035$2*-2.23034 ];
    [ PS036$1*-5.10811 ];
    [ PS036$2*-2.37748 ];
    [ PS037$1*-7.52990 ];
    [ PS037$2*-3.48610 ];
    [ PS038$1*-5.70471 ];
    [ PS038$2*-1.83326 ];
    [ PS039$1*-5.93139 ];
    [ PS039$2*-2.59080 ];
    [ PS040$1*-6.08053 ];
    [ PS040$2*-2.93933 ];
    [ PS041$1*-9.39991 ];
    [ PS041$2*-5.76464 ];
    [ PS042$1*-8.07419 ];
    [ PS042$2*-4.77244 ];
    [ PS043$1*-8.55392 ];
    [ PS043$2*-5.90672 ];
    [ PS044$1*-7.78031 ];
    [ PS044$2*-5.25396 ];
    [ PS045$1*-10.23492 ];
    [ PS045$2*-7.91606 ];
    [ PS046$1*-5.80681 ];
    [ PS046$2*-1.84591 ];
    [ PS047$1*-4.84221 ];
    [ PS047$2*-1.61877 ];
    [ PS048$1*-7.93122 ];
    [ PS048$2*-4.40231 ];
    [ PS049$1*-9.40978 ];
    [ PS049$2*-6.52318 ];
    [ AA5$1*-0.04871 ];
    [ AA6$1*-0.86177 ];
    [ AA7$1*-2.24532 ];
    [ AA9$1*0.95082 ];
    [ AA11$1*-0.25578 ];
    [ AA12$1*0.51697 ];
    [ AA13$1*2.02879 ];
    [ AA14$1*1.37974 ];
    [ AA15$1*1.29938 ];
    [ AA17$1*5.15383 ];
    [ AA19$1*6.23263 ];
    [ AA20$1*10.75841 ];
    [ AA21$1*5.39348 ];
    [ AA24$1*4.89299 ];
    [ AA26$1*7.31787 ];
    [ AA27$1*6.22096 ];
    [ AA28$1*11.74301 ];
    [ AA29$1*10.03739 ];
    [ AA30$1*6.37546 ];
    [ AA31$1*6.09014 ];
    [ AA34$1*2.04184 ];
    [ AA36$1*13.20014 ];
    [ AA38$1*6.80049 ];
    [ AA41$1*11.76355 ];
    [ AA43$1*10.30971 ];
    [ AA46$1*8.46279 ];
    [ AA47$1*14.81029 ];
    [ AA49$1*7.96154 ];
    [ BB201$1*6.37146 ];
    [ CC5$1*-2.23656 ];
    [ CC6$1*-3.56750 ];
    [ CC9$1*-2.47699 ];
    [ CC10$1*-1.62714 ];
    [ CC14$1*-2.29634 ];
    [ CC15$1*-0.72353 ];
    [ CC16$1*-1.36174 ];
    [ CC17$1*-3.46941 ];
    [ CC18$1*-1.51549 ];
    [ CC19$1*-2.39717 ];
    [ CC21$1*0.16808 ];
    [ CC27$1*0.40532 ];
    [ CC28$1*0.42518 ];
    [ CC29$1*-0.91100 ];
    [ CC30$1*2.16666 ];
    [ CC31$1*1.18889 ];
    [ CC32$1*0.59635 ];
    [ CC34$1*1.06320 ];
    [ CC35$1*-0.21997 ];
    [ CC36$1*-0.09586 ];
    [ CC37$1*-0.16769 ];
    [ CC39$1*5.72767 ];
    [ CC40$1*9.58060 ];
    [ CC41$1*1.77237 ];
    [ CC42$1*5.43771 ];
    [ CC43$1*5.26695 ];
    [ CC45$1*11.79464 ];
    [ CC46$1*8.87755 ];
    [ CC48$1*12.61144 ];
    [ CC50$1*5.02931 ];
    [ CC51$1*4.97154 ];
    [ CC52$1*7.65632 ];
    [ CC53$1*4.89849 ];
    [ CC56$1*11.75539 ];
    [ CC61$1*9.03645 ];
    [ CC64$1*5.20270 ];
    [ CC66$1*6.74214 ];
    [ CC67$1*5.97714 ];
    [ CC71$1*5.80012 ];
    [ CC72$1*11.54118 ];
    [ CC74$1*9.22172 ];
    [ CC75$1*10.37636 ];
    [ CC76$1*4.09470 ];
    [ CC79y$1*11.30043 ];
    [ CC84$1*5.92657 ];
    [ DD15$1*6.80693 ];
    [ DD19$1*12.98573 ];
    [ DD19$2*14.33817 ];
    [ DD19$3*15.10629 ];
    [ DD19$4*17.11572 ];
    [ DD205$1*5.42314 ];
    [ DD205$2*7.02652 ];
    [ DD205$3*7.88116 ];
    [ DD205$4*9.56347 ];
    [ DD207$1*2.72370 ];
    [ DD207$2*4.91876 ];
    [ DD207$3*7.22450 ];
    [ EG1_1$1*7.09795 ];
    [ EG1_2$1*7.73953 ];
    [ EG2_1$1*11.29545 ];
    [ EG3_1$1*11.69686 ];
    [ EG4a_1$1*9.84771 ];
    [ EG4b_2$1*8.34073 ];
    [ EG7_1$1*-2.23839 ];
    [ EG7_2$1*-0.66758 ];
    [ EG8_1$1*-0.48696 ];
    [ EG8_2$1*0.44556 ];
    [ EG9a$1*1.58996 ];
    [ EG10a$1*9.26049 ];
    [ EG11_1$1*9.10703 ];
    [ EG12a$1*10.46099 ];
    [ EG13a$1*7.18774 ];
    [ EG14a$1*13.10177 ];
    [ EG14b$1*7.29179 ];
    [ EG15_1$1*7.35328 ];
    [ EG15_1$2*9.04378 ];
    [ EG15_1$3*9.84745 ];
    [ EG15_1$4*11.96424 ];
    [ EG15_2$1*9.32904 ];
    [ EG15_2$2*11.05125 ];
    [ EG15_2$3*11.67768 ];
    [ EG15_2$4*13.87463 ];
    [ EG19a_2$1*16.26626 ];
    [ EG19a_3$1*13.25546 ];
    [ EG19a_4$1*15.57176 ];
    [ EG20a$1*8.13953 ];
    [ EG20a$2*10.18679 ];
    [ EG20a$3*12.20857 ];
    [ EG20a$4*14.51497 ];
    [ EG20b_1$1*4.86525 ];
    [ EG20b_1$2*6.12280 ];
    [ EG20b_1$3*7.67573 ];
    [ EG20b_1$4*8.62124 ];
    [ EG20b_1$5*10.82113 ];
    [ EG20c$1*12.23035 ];
    [ EG20d$1*10.93214 ];
    [ EG20e_1$1*9.83191 ];
    [ EG20e_2$1*10.26273 ];
    [ EG21a$1*8.00261 ];
    [ EG21a$2*9.48460 ];
    [ EG21a$3*10.01333 ];
    [ EG21a$4*11.24530 ];
    [ EG21b$1*10.71984 ];
    [ EG22_1$1*15.01538 ];
    [ EG22_1$2*16.70803 ];
    [ EG22_1$3*17.41106 ];
    [ EG22_1$4*19.62564 ];
    [ EG22_2$1*13.01778 ];
    [ EG22_2$2*14.51645 ];
    [ EG22_2$3*15.33022 ];
    [ EG22_2$4*17.32160 ];
    [ EG27a$1*5.37561 ];
    [ EG27a$2*7.40267 ];
    [ EG27a$3*8.13090 ];
    [ EG27a$4*9.75191 ];
    [ EG27b_1$1*9.35614 ];
    [ EG28a$1*18.20282 ];
    [ EG28a$2*19.19979 ];
    [ EG28a$3*19.87222 ];
    [ EG28a$4*21.13222 ];
    [ EG28b$1*18.97578 ];
    [ EG28c$1*19.64224 ];
    [ EG29a$1*7.03990 ];
    [ EG29a$2*9.02108 ];
    [ EG29a$3*9.94935 ];
    [ EG29a$4*11.25013 ];
    [ EG29b$1*8.04703 ];
    [ EG29b$2*10.61193 ];
    [ EG29b$3*11.92254 ];
    [ EG29c$1*8.15650 ];
    [ EG30a$1*7.79735 ];
    [ EG30a$2*9.57947 ];
    [ EG30a$3*12.71251 ];
    [ EG30c$1*8.27609 ];
    [ EG30d$1*-16.06760 ];
    [ EG30e$1*-14.92196 ];
    [ EG30f$1*5.67179 ];
    [ EG31a_1$1*6.39253 ];
    [ EG31a_2$1*4.46127 ];
    [ EG31b$1*6.08236 ];
    [ EG32a$1*9.56344 ];
    [ EG32a$2*11.41680 ];
    [ EG32a$3*13.25472 ];
    [ EG32b$1*12.54419 ];
    [ EG33a$1*11.10972 ];
    [ EG33a$2*12.70637 ];
    [ EG33a$3*14.99343 ];
    [ EG33b$1*10.91052 ];
    [ EG34a$1*3.30826 ];
    [ EG34a$2*6.64083 ];
    [ EG34b$1*6.45468 ];
    [ EG35b$1*3.62410 ];
    [ EG36b$1*4.86488 ];
    [ EG42a$1*11.70852 ];
    [ EG42a$2*13.14193 ];
    [ EG42a$3*15.82792 ];
    [ EG42c$1*13.34475 ];
    [ EG42c$2*15.13921 ];
    [ EG42c$3*16.08659 ];
    [ EG42c$4*17.88183 ];
    [ EG43a_1$1*4.58161 ];
    [ EG43a_1$2*6.36654 ];
    [ EG43a_1$3*7.16148 ];
    [ EG43a_1$4*9.39924 ];
    [ EG43b$1*9.93062 ];
    [ EG44_1$1*5.34818 ];
    [ EG44_2$1*-9.09403 ];
    [ EG45_1$1*10.06955 ];
    [ EG45_1$2*12.09546 ];
    [ EG45_1$3*13.01291 ];
    [ EG45_1$4*15.06763 ];
    [ EG45_2$1*10.55483 ];
    [ EG45_2$2*12.74660 ];
    [ EG45_2$3*13.76063 ];
    [ EG45_2$4*16.05154 ];
    [ EG46a_1$1*3.78767 ];
    [ EG46a_2$1*4.63928 ];
    [ EG46b$1*1.60629 ];
    [ EG46c$1*3.28272 ];
    [ EG46d$1*2.49523 ];
    [ EG47a$1*11.16681 ];
    [ EG47b$1*7.70211 ];
    [ EG48_2$1*10.31626 ];
    [ EG49_1$1*0.84626 ];
    [ EG49_2$1*2.22968 ];
    [ EG50b$1*8.38062 ];

    ! Factor residual variances (fixed for identification)
    F_Psych@1;
    F_Dev@1;


  MODEL PRIORS:
    ! N(0,5) priors on ALL loadings
    ! (Constrained loadings get priors + inequality constraint)
    a001 ~ N(0, 5);
    a002 ~ N(0, 5);
    a003 ~ N(0, 5);
    a004 ~ N(0, 5);
    a005 ~ N(0, 5);
    a006 ~ N(0, 5);
    a007 ~ N(0, 5);
    a008 ~ N(0, 5);
    a009 ~ N(0, 5);
    a010 ~ N(0, 5);
    a011 ~ N(0, 5);
    a012 ~ N(0, 5);
    a013 ~ N(0, 5);
    a014 ~ N(0, 5);
    a015 ~ N(0, 5);
    a016 ~ N(0, 5);
    a017 ~ N(0, 5);
    a018 ~ N(0, 5);
    a019 ~ N(0, 5);
    a020 ~ N(0, 5);
    a021 ~ N(0, 5);
    a022 ~ N(0, 5);
    a023 ~ N(0, 5);
    a024 ~ N(0, 5);
    a025 ~ N(0, 5);
    a026 ~ N(0, 5);
    a027 ~ N(0, 5);
    a028 ~ N(0, 5);
    a029 ~ N(0, 5);
    a030 ~ N(0, 5);
    a031 ~ N(0, 5);
    a032 ~ N(0, 5);
    a033 ~ N(0, 5);
    a034 ~ N(0, 5);
    a035 ~ N(0, 5);
    a036 ~ N(0, 5);
    a037 ~ N(0, 5);
    a038 ~ N(0, 5);
    a039 ~ N(0, 5);
    a040 ~ N(0, 5);
    a041 ~ N(0, 5);
    a042 ~ N(0, 5);
    a043 ~ N(0, 5);
    a044 ~ N(0, 5);
    a045 ~ N(0, 5);
    a046 ~ N(0, 5);
    a047 ~ N(0, 5);
    a048 ~ N(0, 5);
    a049 ~ N(0, 5);
    a050 ~ N(0, 5);
    a051 ~ N(0, 5);
    a052 ~ N(0, 5);
    a053 ~ N(0, 5);
    a054 ~ N(0, 5);
    a055 ~ N(0, 5);
    a056 ~ N(0, 5);
    a057 ~ N(0, 5);
    a058 ~ N(0, 5);
    a059 ~ N(0, 5);
    a060 ~ N(0, 5);
    a061 ~ N(0, 5);
    a062 ~ N(0, 5);
    a063 ~ N(0, 5);
    a064 ~ N(0, 5);
    a065 ~ N(0, 5);
    a066 ~ N(0, 5);
    a067 ~ N(0, 5);
    a068 ~ N(0, 5);
    a069 ~ N(0, 5);
    a070 ~ N(0, 5);
    a071 ~ N(0, 5);
    a072 ~ N(0, 5);
    a073 ~ N(0, 5);
    a074 ~ N(0, 5);
    a075 ~ N(0, 5);
    a076 ~ N(0, 5);
    a077 ~ N(0, 5);
    a078 ~ N(0, 5);
    a079 ~ N(0, 5);
    a080 ~ N(0, 5);
    a081 ~ N(0, 5);
    a082 ~ N(0, 5);
    a083 ~ N(0, 5);
    a084 ~ N(0, 5);
    a085 ~ N(0, 5);
    a086 ~ N(0, 5);
    a087 ~ N(0, 5);
    a088 ~ N(0, 5);
    a089 ~ N(0, 5);
    a090 ~ N(0, 5);
    a091 ~ N(0, 5);
    a092 ~ N(0, 5);
    a093 ~ N(0, 5);
    a094 ~ N(0, 5);
    a095 ~ N(0, 5);
    a096 ~ N(0, 5);
    a097 ~ N(0, 5);
    a098 ~ N(0, 5);
    a099 ~ N(0, 5);
    a100 ~ N(0, 5);
    a101 ~ N(0, 5);
    a102 ~ N(0, 5);
    a103 ~ N(0, 5);
    a104 ~ N(0, 5);
    a105 ~ N(0, 5);
    a106 ~ N(0, 5);
    a107 ~ N(0, 5);
    a108 ~ N(0, 5);
    a109 ~ N(0, 5);
    a110 ~ N(0, 5);
    a111 ~ N(0, 5);
    a112 ~ N(0, 5);
    a113 ~ N(0, 5);
    a114 ~ N(0, 5);
    a115 ~ N(0, 5);
    a116 ~ N(0, 5);

    b001 ~ N(0, 5);
    b002 ~ N(0, 5);
    b003 ~ N(0, 5);
    b004 ~ N(0, 5);
    b005 ~ N(0, 5);
    b006 ~ N(0, 5);
    b007 ~ N(0, 5);
    b008 ~ N(0, 5);
    b009 ~ N(0, 5);
    b010 ~ N(0, 5);
    b011 ~ N(0, 5);
    b012 ~ N(0, 5);
    b013 ~ N(0, 5);
    b014 ~ N(0, 5);
    b015 ~ N(0, 5);
    b016 ~ N(0, 5);
    b017 ~ N(0, 5);
    b018 ~ N(0, 5);
    b019 ~ N(0, 5);
    b020 ~ N(0, 5);
    b021 ~ N(0, 5);
    b022 ~ N(0, 5);
    b023 ~ N(0, 5);
    b024 ~ N(0, 5);
    b025 ~ N(0, 5);
    b026 ~ N(0, 5);
    b027 ~ N(0, 5);
    b028 ~ N(0, 5);
    b029 ~ N(0, 5);
    b030 ~ N(0, 5);
    b031 ~ N(0, 5);
    b032 ~ N(0, 5);
    b033 ~ N(0, 5);
    b034 ~ N(0, 5);
    b035 ~ N(0, 5);
    b036 ~ N(0, 5);
    b037 ~ N(0, 5);
    b038 ~ N(0, 5);
    b039 ~ N(0, 5);
    b040 ~ N(0, 5);
    b041 ~ N(0, 5);
    b042 ~ N(0, 5);
    b043 ~ N(0, 5);
    b044 ~ N(0, 5);
    b045 ~ N(0, 5);
    b046 ~ N(0, 5);
    b047 ~ N(0, 5);
    b048 ~ N(0, 5);
    b049 ~ N(0, 5);
    b050 ~ N(0, 5);
    b051 ~ N(0, 5);
    b052 ~ N(0, 5);
    b053 ~ N(0, 5);
    b054 ~ N(0, 5);
    b055 ~ N(0, 5);
    b056 ~ N(0, 5);
    b057 ~ N(0, 5);
    b058 ~ N(0, 5);
    b059 ~ N(0, 5);
    b060 ~ N(0, 5);
    b061 ~ N(0, 5);
    b062 ~ N(0, 5);
    b063 ~ N(0, 5);
    b064 ~ N(0, 5);
    b065 ~ N(0, 5);
    b066 ~ N(0, 5);
    b067 ~ N(0, 5);
    b068 ~ N(0, 5);
    b069 ~ N(0, 5);
    b070 ~ N(0, 5);
    b071 ~ N(0, 5);
    b072 ~ N(0, 5);
    b073 ~ N(0, 5);
    b074 ~ N(0, 5);
    b075 ~ N(0, 5);
    b076 ~ N(0, 5);
    b077 ~ N(0, 5);
    b078 ~ N(0, 5);
    b079 ~ N(0, 5);
    b080 ~ N(0, 5);
    b081 ~ N(0, 5);
    b082 ~ N(0, 5);
    b083 ~ N(0, 5);
    b084 ~ N(0, 5);
    b085 ~ N(0, 5);
    b086 ~ N(0, 5);
    b087 ~ N(0, 5);
    b088 ~ N(0, 5);
    b089 ~ N(0, 5);
    b090 ~ N(0, 5);
    b091 ~ N(0, 5);
    b092 ~ N(0, 5);
    b093 ~ N(0, 5);
    b094 ~ N(0, 5);
    b095 ~ N(0, 5);
    b096 ~ N(0, 5);
    b097 ~ N(0, 5);
    b098 ~ N(0, 5);
    b099 ~ N(0, 5);
    b100 ~ N(0, 5);
    b101 ~ N(0, 5);
    b102 ~ N(0, 5);
    b103 ~ N(0, 5);
    b104 ~ N(0, 5);
    b105 ~ N(0, 5);
    b106 ~ N(0, 5);
    b107 ~ N(0, 5);
    b108 ~ N(0, 5);
    b109 ~ N(0, 5);
    b110 ~ N(0, 5);
    b111 ~ N(0, 5);
    b112 ~ N(0, 5);
    b113 ~ N(0, 5);
    b114 ~ N(0, 5);
    b115 ~ N(0, 5);
    b116 ~ N(0, 5);
    b117 ~ N(0, 5);
    b118 ~ N(0, 5);
    b119 ~ N(0, 5);
    b120 ~ N(0, 5);
    b121 ~ N(0, 5);
    b122 ~ N(0, 5);
    b123 ~ N(0, 5);
    b124 ~ N(0, 5);
    b125 ~ N(0, 5);
    b126 ~ N(0, 5);
    b127 ~ N(0, 5);
    b128 ~ N(0, 5);
    b129 ~ N(0, 5);
    b130 ~ N(0, 5);
    b131 ~ N(0, 5);
    b132 ~ N(0, 5);
    b133 ~ N(0, 5);
    b134 ~ N(0, 5);
    b135 ~ N(0, 5);
    b136 ~ N(0, 5);
    b137 ~ N(0, 5);
    b138 ~ N(0, 5);
    b139 ~ N(0, 5);
    b140 ~ N(0, 5);
    b141 ~ N(0, 5);
    b142 ~ N(0, 5);
    b143 ~ N(0, 5);
    b144 ~ N(0, 5);
    b145 ~ N(0, 5);
    b146 ~ N(0, 5);
    b147 ~ N(0, 5);
    b148 ~ N(0, 5);
    b149 ~ N(0, 5);
    b150 ~ N(0, 5);
    b151 ~ N(0, 5);
    b152 ~ N(0, 5);
    b153 ~ N(0, 5);

  MODEL CONSTRAINT:
    ! Inequality constraints: Force problematic loadings to be positive
    ! Dimension 1 (Psychosocial)
    0 < a003;
    0 < a004;
    0 < a005;
    0 < a007;
    0 < a011;
    0 < a012;
    0 < a016;
    0 < a017;
    0 < a022;
    0 < a028;
    0 < a029;
    0 < a032;
    0 < a033;
    0 < a034;
    0 < a036;
    0 < a037;
    0 < a038;
    0 < a065;
    0 < a066;
    0 < a070;

    ! Dimension 2 (Developmental)
    0 < b036;
    0 < b085;
    0 < b121;
    0 < b122;
    0 < b140;
  OUTPUT:
    NOSERROR;
    SVALUES;

  SAVEDATA:
    SAVE = fscores;
    FILE = "model_1c_fscores.dat";




*** WARNING
  Data set contains cases with missing on x-variables.
  These cases were not included in the analysis.
  Number of cases with missing on x-variables:  43
   1 WARNING(S) FOUND IN THE INPUT INSTRUCTIONS




Model 1c - Selective Zero Constraints + N(0,5) Priors
NE25 Authenticity Screening Stage 1
2-Parameter IRT with Demographic Covariates
Generated: 2025-12-01

