Mplus VERSION 8.10
MUTHEN & MUTHEN
12/01/2025   5:49 PM

INPUT INSTRUCTIONS

  TITLE:
    Model 1b - Free Loadings Within Domain + N(0,1) Priors
    NE25 Authenticity Screening Stage 1
    2-Parameter IRT with Demographic Covariates
    Generated: 2025-12-01

  DATA:
    FILE = "mplus/model_1b/model_1a.dat";

  VARIABLE:
    NAMES =
      pid recordid female years femXyrs logyrs AA4 AA5 AA6 AA7 AA9 AA11 AA12 AA13 AA14
      AA15 AA17 AA19 AA20 AA21 AA24 AA26 AA27 AA28 AA29 AA30 AA31 AA34 AA36 AA38
      AA41 AA43 AA46 AA47 AA49 AA50 AA54 AA55 AA56 AA57 AA60 AA65 AA68 AA69 AA71
      AA72 AA102 AA104 AA203 AA205 BB5 BB6 BB201 CC4 CC5 CC6 CC8 CC9 CC10 CC11
      CC12 CC13 CC14 CC15 CC16 CC17 CC18 CC19 CC20 CC21 CC25 CC26 CC27 CC28 CC29
      CC30 CC31 CC32 CC33 CC34 CC35 CC36 CC37 CC39 CC40 CC41 CC42 CC43 CC45 CC46
      CC48 CC50 CC51 CC52 CC53 CC54 CC56 CC60 CC61 CC62 CC64 CC65 CC66 CC67 CC68
      CC69 CC71 CC72 CC74 CC75 CC76 CC78 CC79y CC80 CC83 CC84 CC85 CC87 CC89
      DD15 DD19 DD103 DD205 DD207 DD221 DD299 EG1_1 EG1_2 EG2_1 EG3_1 EG4a_1
      EG4b_2 EG5a EG5b EG6_1 EG6_2 EG7_1 EG7_2 EG8_1 EG8_2 EG9a EG10a EG11_1
      EG12a EG13a EG14a EG14b EG15_1 EG15_2 EG16a_1 EG16a_2 EG16b EG16c EG17a
      EG17b EG18a EG18b EG19a_2 EG19a_3 EG19a_4 EG20a EG20b_1 EG20c EG20d
      EG20e_1 EG20e_2 EG21a EG21b EG22_1 EG22_2 EG23a EG23b EG24b EG25a EG25b
      EG26b EG27a EG27b_1 EG28a EG28b EG28c EG29a EG29b EG29c EG30a EG30c EG30d
      EG30e EG30f EG31a_1 EG31a_2 EG31b EG32a EG32b EG33a EG33b EG34a EG34b
      EG35b EG36b EG37_1 EG37_2 EG38a EG38b EG38c EG39a EG39b EG40_1 EG41_1
      EG41_2 EG42a EG42c EG43a_1 EG43a_2 EG43b EG44_1 EG44_2 EG45_1 EG45_2
      EG46a_1 EG46a_2 EG46b EG46c EG46d EG47a EG47b EG48_2 EG49_1 EG49_2 EG50b
      PS002 PS003 PS004 PS005 PS006 PS007 PS008 PS009 PS010 PS011 PS013 PS014
      PS015 PS016 PS017 PS018 PS019 PS020 PS022 PS023 PS024 PS025 PS026 PS027
      PS028 PS029 PS030 PS031 PS032 PS034 PS035 PS036 PS037 PS038 PS039 PS040
      PS041 PS042 PS043 PS044 PS045 PS046 PS047 PS048 PS049;

    USEVARIABLES =
      female years femXyrs logyrs AA4 AA5 AA6 AA7 AA9 AA11 AA12 AA13 AA14 AA15
      AA17 AA19 AA20 AA21 AA24 AA26 AA27 AA28 AA29 AA30 AA31 AA34 AA36 AA38 AA41
      AA43 AA46 AA47 AA49 AA50 AA54 AA55 AA56 AA57 AA60 AA65 AA68 AA69 AA71 AA72
      AA102 AA104 AA203 AA205 BB5 BB6 BB201 CC4 CC5 CC6 CC8 CC9 CC10 CC11 CC12
      CC13 CC14 CC15 CC16 CC17 CC18 CC19 CC20 CC21 CC25 CC26 CC27 CC28 CC29 CC30
      CC31 CC32 CC33 CC34 CC35 CC36 CC37 CC39 CC40 CC41 CC42 CC43 CC45 CC46 CC48
      CC50 CC51 CC52 CC53 CC54 CC56 CC60 CC61 CC62 CC64 CC65 CC66 CC67 CC68 CC69
      CC71 CC72 CC74 CC75 CC76 CC78 CC79y CC80 CC83 CC84 CC85 CC87 CC89 DD15
      DD19 DD103 DD205 DD207 DD221 DD299 EG1_1 EG1_2 EG2_1 EG3_1 EG4a_1 EG4b_2
      EG5a EG5b EG6_1 EG6_2 EG7_1 EG7_2 EG8_1 EG8_2 EG9a EG10a EG11_1 EG12a
      EG13a EG14a EG14b EG15_1 EG15_2 EG16a_1 EG16a_2 EG16b EG16c EG17a EG17b
      EG18a EG18b EG19a_2 EG19a_3 EG19a_4 EG20a EG20b_1 EG20c EG20d EG20e_1
      EG20e_2 EG21a EG21b EG22_1 EG22_2 EG23a EG23b EG24b EG25a EG25b EG26b
      EG27a EG27b_1 EG28a EG28b EG28c EG29a EG29b EG29c EG30a EG30c EG30d EG30e
      EG30f EG31a_1 EG31a_2 EG31b EG32a EG32b EG33a EG33b EG34a EG34b EG35b
      EG36b EG37_1 EG37_2 EG38a EG38b EG38c EG39a EG39b EG40_1 EG41_1 EG41_2
      EG42a EG42c EG43a_1 EG43a_2 EG43b EG44_1 EG44_2 EG45_1 EG45_2 EG46a_1
      EG46a_2 EG46b EG46c EG46d EG47a EG47b EG48_2 EG49_1 EG49_2 EG50b PS002
      PS003 PS004 PS005 PS006 PS007 PS008 PS009 PS010 PS011 PS013 PS014 PS015
      PS016 PS017 PS018 PS019 PS020 PS022 PS023 PS024 PS025 PS026 PS027 PS028
      PS029 PS030 PS031 PS032 PS034 PS035 PS036 PS037 PS038 PS039 PS040 PS041
      PS042 PS043 PS044 PS045 PS046 PS047 PS048 PS049;

    CATEGORICAL =
       AA4 AA5 AA6 AA7 AA9 AA11 AA12 AA13 AA14 AA15 AA17 AA19 AA20 AA21 AA24
      AA26 AA27 AA28 AA29 AA30 AA31 AA34 AA36 AA38 AA41 AA43 AA46 AA47 AA49 AA50
      AA54 AA55 AA56 AA57 AA60 AA65 AA68 AA69 AA71 AA72 AA102 AA104 AA203 AA205
      BB5 BB6 BB201 CC4 CC5 CC6 CC8 CC9 CC10 CC11 CC12 CC13 CC14 CC15 CC16 CC17
      CC18 CC19 CC20 CC21 CC25 CC26 CC27 CC28 CC29 CC30 CC31 CC32 CC33 CC34 CC35
      CC36 CC37 CC39 CC40 CC41 CC42 CC43 CC45 CC46 CC48 CC50 CC51 CC52 CC53 CC54
      CC56 CC60 CC61 CC62 CC64 CC65 CC66 CC67 CC68 CC69 CC71 CC72 CC74 CC75 CC76
      CC78 CC79y CC80 CC83 CC84 CC85 CC87 CC89 DD15 DD19 DD103 DD205 DD207 DD221
      DD299 EG1_1 EG1_2 EG2_1 EG3_1 EG4a_1 EG4b_2 EG5a EG5b EG6_1 EG6_2 EG7_1
      EG7_2 EG8_1 EG8_2 EG9a EG10a EG11_1 EG12a EG13a EG14a EG14b EG15_1 EG15_2
      EG16a_1 EG16a_2 EG16b EG16c EG17a EG17b EG18a EG18b EG19a_2 EG19a_3
      EG19a_4 EG20a EG20b_1 EG20c EG20d EG20e_1 EG20e_2 EG21a EG21b EG22_1
      EG22_2 EG23a EG23b EG24b EG25a EG25b EG26b EG27a EG27b_1 EG28a EG28b EG28c
      EG29a EG29b EG29c EG30a EG30c EG30d EG30e EG30f EG31a_1 EG31a_2 EG31b
      EG32a EG32b EG33a EG33b EG34a EG34b EG35b EG36b EG37_1 EG37_2 EG38a EG38b
      EG38c EG39a EG39b EG40_1 EG41_1 EG41_2 EG42a EG42c EG43a_1 EG43a_2 EG43b
      EG44_1 EG44_2 EG45_1 EG45_2 EG46a_1 EG46a_2 EG46b EG46c EG46d EG47a EG47b
      EG48_2 EG49_1 EG49_2 EG50b PS002 PS003 PS004 PS005 PS006 PS007 PS008 PS009
      PS010 PS011 PS013 PS014 PS015 PS016 PS017 PS018 PS019 PS020 PS022 PS023
      PS024 PS025 PS026 PS027 PS028 PS029 PS030 PS031 PS032 PS034 PS035 PS036
      PS037 PS038 PS039 PS040 PS041 PS042 PS043 PS044 PS045 PS046 PS047 PS048
      PS049;

    IDVARIABLE = pid;

    AUXILIARY = recordid;

    MISSING = . ;

    ! Create derived covariates
    DEFINE:

  ANALYSIS:
    ESTIMATOR = MLR;                     ! Maximum likelihood with robust SEs
    ALGORITHM = INTEGRATION;             ! Numerical integration for categorical
    INTEGRATION = GAUSS(16);             ! 16-point Gauss-Hermite quadrature
    LINK = LOGIT;                        ! Logit link (graded response model)
    PROCESSORS = 8;                     ! Parallel processing

  MODEL:
       f_psych BY aa4*0.30863 (a001);
       f_psych BY aa50*1.24336 (a002);
       f_psych BY aa54@0;
       f_psych BY aa55@0;
       f_psych BY aa56@0;
       f_psych BY aa57*0.66275 (a006);
       f_psych BY aa60@0;
       f_psych BY aa65*0.51765 (a008);
       f_psych BY aa68*0.80031 (a009);
       f_psych BY aa69*0.38153 (a010);
       f_psych BY aa71@0;
       f_psych BY aa72@0;
       f_psych BY aa102*1.30986 (a013);
       f_psych BY aa104*0.41774 (a014);
       f_psych BY aa203*1.14036 (a015);
       f_psych BY aa205*0.14689 (a016);
       f_psych BY bb5@0;
       f_psych BY bb6*0.32858 (a018);
       f_psych BY cc4*0.61999 (a019);
       f_psych BY cc8*1.53146 (a020);
       f_psych BY cc11*0.78558 (a021);
       f_psych BY cc12@0;
       f_psych BY cc13*0.61959 (a023);
       f_psych BY cc20*1.46467 (a024);
       f_psych BY cc25*0.54301 (a025);
       f_psych BY cc26*1.03907 (a026);
       f_psych BY cc33*0.54443 (a027);
       f_psych BY cc54@0;
       f_psych BY cc60@0;
       f_psych BY cc62*0.32789 (a030);
       f_psych BY cc65*0.30836 (a031);
       f_psych BY cc68@0;
       f_psych BY cc69@0;
       f_psych BY cc78@0;
       f_psych BY cc80*0.40975 (a035);
       f_psych BY cc83@0;
       f_psych BY cc85*0.15529 (a037);
       f_psych BY cc87@0;
       f_psych BY cc89*0.64282 (a039);
       f_psych BY dd103*0.74813 (a040);
       f_psych BY dd221*1.28887 (a041);
       f_psych BY dd299*1.06890 (a042);
       f_psych BY eg5a*0.91804 (a043);
       f_psych BY eg5b*0.31308 (a044);
       f_psych BY eg6_1*0.26764 (a045);
       f_psych BY eg6_2*0.42474 (a046);
       f_psych BY eg16a_1*0.59547 (a047);
       f_psych BY eg16a_2*0.84493 (a048);
       f_psych BY eg16b*1.31501 (a049);
       f_psych BY eg16c*0.42841 (a050);
       f_psych BY eg17a*0.46238 (a051);
       f_psych BY eg17b*0.25690 (a052);
       f_psych BY eg18a*0.82930 (a053);
       f_psych BY eg18b*0.30986 (a054);
       f_psych BY eg23a*0.88681 (a055);
       f_psych BY eg23b*0.25840 (a056);
       f_psych BY eg24b*1.35626 (a057);
       f_psych BY eg25a*1.32002 (a058);
       f_psych BY eg25b*0.62037 (a059);
       f_psych BY eg26b*1.21200 (a060);
       f_psych BY eg37_1*0.66170 (a061);
       f_psych BY eg37_2*0.28124 (a062);
       f_psych BY eg38a*0.59517 (a063);
       f_psych BY eg38b*0.45219 (a064);
       f_psych BY eg38c@0;
       f_psych BY eg39a@0;
       f_psych BY eg39b*0.31177 (a067);
       f_psych BY eg40_1*0.62865 (a068);
       f_psych BY eg41_1*0.72599 (a069);
       f_psych BY eg41_2@0;
       f_psych BY eg43a_2*0.43399 (a071);
       f_psych BY ps002*1.03140 (a072);
       f_psych BY ps003*1.63861 (a073);
       f_psych BY ps004*1.39520 (a074);
       f_psych BY ps005*1.40589 (a075);
       f_psych BY ps006*1.52628 (a076);
       f_psych BY ps007*1.93351 (a077);
       f_psych BY ps008*1.62932 (a078);
       f_psych BY ps009*1.41236 (a079);
       f_psych BY ps010*1.23554 (a080);
       f_psych BY ps011*1.06842 (a081);
       f_psych BY ps013*1.01150 (a082);
       f_psych BY ps014*1.82302 (a083);
       f_psych BY ps015*2.42732 (a084);
       f_psych BY ps016*2.11934 (a085);
       f_psych BY ps017*1.62888 (a086);
       f_psych BY ps018*0.90284 (a087);
       f_psych BY ps019*1.31127 (a088);
       f_psych BY ps020*1.15916 (a089);
       f_psych BY ps022*2.11909 (a090);
       f_psych BY ps023*1.82727 (a091);
       f_psych BY ps024*2.28849 (a092);
       f_psych BY ps025*1.30747 (a093);
       f_psych BY ps026*2.04113 (a094);
       f_psych BY ps027*2.19223 (a095);
       f_psych BY ps028*1.51529 (a096);
       f_psych BY ps029*2.13405 (a097);
       f_psych BY ps030*1.07016 (a098);
       f_psych BY ps031*1.44826 (a099);
       f_psych BY ps032*2.30040 (a100);
       f_psych BY ps034*1.66754 (a101);
       f_psych BY ps035*1.29630 (a102);
       f_psych BY ps036*1.32255 (a103);
       f_psych BY ps037*2.04063 (a104);
       f_psych BY ps038*1.54107 (a105);
       f_psych BY ps039*1.58011 (a106);
       f_psych BY ps040*1.51761 (a107);
       f_psych BY ps041*2.38965 (a108);
       f_psych BY ps042*1.93310 (a109);
       f_psych BY ps043*2.09980 (a110);
       f_psych BY ps044*1.90366 (a111);
       f_psych BY ps045*2.61804 (a112);
       f_psych BY ps046*1.54022 (a113);
       f_psych BY ps047*1.25869 (a114);
       f_psych BY ps048*1.75597 (a115);
       f_psych BY ps049*2.22342 (a116);

       f_dev BY aa5*0.71970 (b001);
       f_dev BY aa6*1.02176 (b002);
       f_dev BY aa7*0.59872 (b003);
       f_dev BY aa9*0.54588 (b004);
       f_dev BY aa11*0.44366 (b005);
       f_dev BY aa12*0.36251 (b006);
       f_dev BY aa13*0.74540 (b007);
       f_dev BY aa14*0.59812 (b008);
       f_dev BY aa15*0.51903 (b009);
       f_dev BY aa17*2.05187 (b010);
       f_dev BY aa19*2.01962 (b011);
       f_dev BY aa20*2.69115 (b012);
       f_dev BY aa21*1.63165 (b013);
       f_dev BY aa24*1.12376 (b014);
       f_dev BY aa26*1.34867 (b015);
       f_dev BY aa27*1.22394 (b016);
       f_dev BY aa28*2.40270 (b017);
       f_dev BY aa29*1.80811 (b018);
       f_dev BY aa30*1.21913 (b019);
       f_dev BY aa31*1.08169 (b020);
       f_dev BY aa34*0.32301 (b021);
       f_dev BY aa36*1.96919 (b022);
       f_dev BY aa38*1.13263 (b023);
       f_dev BY aa41*1.78017 (b024);
       f_dev BY aa43*1.55221 (b025);
       f_dev BY aa46*1.03749 (b026);
       f_dev BY aa47*2.10743 (b027);
       f_dev BY aa49*1.06393 (b028);
       f_dev BY bb201*1.32650 (b029);
       f_dev BY cc5*1.35140 (b030);
       f_dev BY cc6*1.34503 (b031);
       f_dev BY cc9*1.33476 (b032);
       f_dev BY cc10*0.25168 (b033);
       f_dev BY cc14*1.15224 (b034);
       f_dev BY cc15*0.54914 (b035);
       f_dev BY cc16@0;
       f_dev BY cc17*1.38295 (b037);
       f_dev BY cc18*0.88743 (b038);
       f_dev BY cc19*0.82204 (b039);
       f_dev BY cc21*0.56021 (b040);
       f_dev BY cc27*1.11643 (b041);
       f_dev BY cc28*0.98051 (b042);
       f_dev BY cc29*0.45733 (b043);
       f_dev BY cc30*1.04428 (b044);
       f_dev BY cc31*0.47605 (b045);
       f_dev BY cc32*0.70119 (b046);
       f_dev BY cc34*0.53502 (b047);
       f_dev BY cc35*0.96635 (b048);
       f_dev BY cc36*0.67286 (b049);
       f_dev BY cc37*1.18295 (b050);
       f_dev BY cc39*2.29324 (b051);
       f_dev BY cc40*3.37567 (b052);
       f_dev BY cc41*1.00319 (b053);
       f_dev BY cc42*1.46387 (b054);
       f_dev BY cc43*1.39715 (b055);
       f_dev BY cc45*2.86717 (b056);
       f_dev BY cc46*2.14720 (b057);
       f_dev BY cc48*3.03380 (b058);
       f_dev BY cc50*1.28666 (b059);
       f_dev BY cc51*1.39858 (b060);
       f_dev BY cc52*1.83097 (b061);
       f_dev BY cc53*0.84901 (b062);
       f_dev BY cc56*2.54421 (b063);
       f_dev BY cc61*1.67470 (b064);
       f_dev BY cc64*0.87292 (b065);
       f_dev BY cc66*1.22310 (b066);
       f_dev BY cc67*0.96161 (b067);
       f_dev BY cc71*1.30328 (b068);
       f_dev BY cc72*2.09865 (b069);
       f_dev BY cc74*1.75330 (b070);
       f_dev BY cc75*1.77681 (b071);
       f_dev BY cc76*0.68551 (b072);
       f_dev BY cc79y*1.75068 (b073);
       f_dev BY cc84*0.71773 (b074);
       f_dev BY dd15*0.94390 (b075);
       f_dev BY dd19*1.52351 (b076);
       f_dev BY dd205*1.02085 (b077);
       f_dev BY dd207*0.72589 (b078);
       f_dev BY eg1_1*1.44178 (b079);
       f_dev BY eg1_2*1.40288 (b080);
       f_dev BY eg2_1*2.01358 (b081);
       f_dev BY eg3_1*1.86457 (b082);
       f_dev BY eg4a_1*1.48427 (b083);
       f_dev BY eg4b_2*1.14650 (b084);
       f_dev BY eg7_1@0;
       f_dev BY eg7_2*0.61560 (b086);
       f_dev BY eg8_1*0.20511 (b087);
       f_dev BY eg8_2*1.16121 (b088);
       f_dev BY eg9a*0.48659 (b089);
       f_dev BY eg10a*2.24741 (b090);
       f_dev BY eg11_1*1.70696 (b091);
       f_dev BY eg12a*1.77912 (b092);
       f_dev BY eg13a*0.92303 (b093);
       f_dev BY eg14a*1.76128 (b094);
       f_dev BY eg14b*1.04735 (b095);
       f_dev BY eg15_1*1.16950 (b096);
       f_dev BY eg15_2*1.39314 (b097);
       f_dev BY eg19a_2*2.62016 (b098);
       f_dev BY eg19a_3*2.18339 (b099);
       f_dev BY eg19a_4*2.44826 (b100);
       f_dev BY eg20a*1.47590 (b101);
       f_dev BY eg20b_1*0.86165 (b102);
       f_dev BY eg20c*1.70052 (b103);
       f_dev BY eg20d*1.66143 (b104);
       f_dev BY eg20e_1*1.37700 (b105);
       f_dev BY eg20e_2*1.43359 (b106);
       f_dev BY eg21a*1.26010 (b107);
       f_dev BY eg21b*1.45536 (b108);
       f_dev BY eg22_1*1.84773 (b109);
       f_dev BY eg22_2*1.68376 (b110);
       f_dev BY eg27a*1.15991 (b111);
       f_dev BY eg27b_1*1.41331 (b112);
       f_dev BY eg28a*2.26327 (b113);
       f_dev BY eg28b*2.22393 (b114);
       f_dev BY eg28c*2.26346 (b115);
       f_dev BY eg29a*1.18325 (b116);
       f_dev BY eg29b*1.26216 (b117);
       f_dev BY eg29c*1.19903 (b118);
       f_dev BY eg30a*1.34017 (b119);
       f_dev BY eg30c*1.14659 (b120);
       f_dev BY eg30d@0;
       f_dev BY eg30e@0;
       f_dev BY eg30f*0.79562 (b123);
       f_dev BY eg31a_1*1.32224 (b124);
       f_dev BY eg31a_2*1.08223 (b125);
       f_dev BY eg31b*1.74833 (b126);
       f_dev BY eg32a*1.37630 (b127);
       f_dev BY eg32b*1.50343 (b128);
       f_dev BY eg33a*1.49809 (b129);
       f_dev BY eg33b*1.19818 (b130);
       f_dev BY eg34a*0.85515 (b131);
       f_dev BY eg34b*1.09363 (b132);
       f_dev BY eg35b*0.69670 (b133);
       f_dev BY eg36b*0.83147 (b134);
       f_dev BY eg42a*1.61507 (b135);
       f_dev BY eg42c*1.78783 (b136);
       f_dev BY eg43a_1*0.99653 (b137);
       f_dev BY eg43b*1.31182 (b138);
       f_dev BY eg44_1*1.04834 (b139);
       f_dev BY eg44_2@0;
       f_dev BY eg45_1*1.50615 (b141);
       f_dev BY eg45_2*1.58454 (b142);
       f_dev BY eg46a_1*1.76213 (b143);
       f_dev BY eg46a_2*2.23332 (b144);
       f_dev BY eg46b*0.70634 (b145);
       f_dev BY eg46c*1.76154 (b146);
       f_dev BY eg46d*1.60572 (b147);
       f_dev BY eg47a*2.75832 (b148);
       f_dev BY eg47b*2.56006 (b149);
       f_dev BY eg48_2*1.80165 (b150);
       f_dev BY eg49_1*1.11078 (b151);
       f_dev BY eg49_2*1.69306 (b152);
       f_dev BY eg50b*1.57606 (b153);

       f_psych ON female*0.09784;
       f_psych ON years*0.59082;
       f_psych ON femxyrs*0.02577;
       f_psych ON logyrs*-2.53552;
       f_dev ON female*0.24952;
       f_dev ON years*-0.45075;
       f_dev ON femxyrs*-0.02993;
       f_dev ON logyrs*6.45478;

       f_psych WITH f_dev*0.06012;

       [ f_psych@0 ];
       [ f_dev@0 ];

       [ aa4$1*-0.63747 ];
       [ aa5$1*-0.04871 ];
       [ aa6$1*-0.86177 ];
       [ aa7$1*-2.24532 ];
       [ aa9$1*0.95082 ];
       [ aa11$1*-0.25578 ];
       [ aa12$1*0.51697 ];
       [ aa13$1*2.02879 ];
       [ aa14$1*1.37974 ];
       [ aa15$1*1.29938 ];
       [ aa17$1*5.15383 ];
       [ aa19$1*6.23263 ];
       [ aa20$1*10.75841 ];
       [ aa21$1*5.39348 ];
       [ aa24$1*4.89299 ];
       [ aa26$1*7.31787 ];
       [ aa27$1*6.22096 ];
       [ aa28$1*11.74301 ];
       [ aa29$1*10.03739 ];
       [ aa30$1*6.37546 ];
       [ aa31$1*6.09014 ];
       [ aa34$1*2.04184 ];
       [ aa36$1*13.20014 ];
       [ aa38$1*6.80049 ];
       [ aa41$1*11.76355 ];
       [ aa43$1*10.30971 ];
       [ aa46$1*8.46279 ];
       [ aa47$1*14.81029 ];
       [ aa49$1*7.96154 ];
       [ aa50$1*-0.82249 ];
       [ aa54$1*-0.19576 ];
       [ aa55$1*0.26947 ];
       [ aa56$1*1.90340 ];
       [ aa57$1*-2.24161 ];
       [ aa60$1*0.11180 ];
       [ aa65$1*-0.99929 ];
       [ aa68$1*-3.30922 ];
       [ aa69$1*-1.72378 ];
       [ aa71$1*-0.44381 ];
       [ aa72$1*-0.53473 ];
       [ aa102$1*-1.88903 ];
       [ aa104$1*-1.69096 ];
       [ aa203$1*-1.66026 ];
       [ aa205$1*0.52003 ];
       [ bb5$1*-0.37733 ];
       [ bb6$1*-1.67422 ];
       [ bb201$1*6.37146 ];
       [ cc4$1*-2.46961 ];
       [ cc5$1*-2.23656 ];
       [ cc6$1*-3.56750 ];
       [ cc8$1*-2.61076 ];
       [ cc9$1*-2.47699 ];
       [ cc10$1*-1.62714 ];
       [ cc11$1*-2.42190 ];
       [ cc12$1*-3.27296 ];
       [ cc13$1*-3.75402 ];
       [ cc14$1*-2.29634 ];
       [ cc15$1*-0.72353 ];
       [ cc16$1*-1.36174 ];
       [ cc17$1*-3.46941 ];
       [ cc18$1*-1.51549 ];
       [ cc19$1*-2.39717 ];
       [ cc20$1*-2.08210 ];
       [ cc21$1*0.16808 ];
       [ cc25$1*-2.15562 ];
       [ cc26$1*-2.81277 ];
       [ cc27$1*0.40532 ];
       [ cc28$1*0.42518 ];
       [ cc29$1*-0.91100 ];
       [ cc30$1*2.16666 ];
       [ cc31$1*1.18889 ];
       [ cc32$1*0.59635 ];
       [ cc33$1*-1.71534 ];
       [ cc34$1*1.06320 ];
       [ cc35$1*-0.21997 ];
       [ cc36$1*-0.09586 ];
       [ cc37$1*-0.16769 ];
       [ cc39$1*5.72767 ];
       [ cc40$1*9.58060 ];
       [ cc41$1*1.77237 ];
       [ cc42$1*5.43771 ];
       [ cc43$1*5.26695 ];
       [ cc45$1*11.79464 ];
       [ cc46$1*8.87755 ];
       [ cc48$1*12.61144 ];
       [ cc50$1*5.02931 ];
       [ cc51$1*4.97154 ];
       [ cc52$1*7.65632 ];
       [ cc53$1*4.89849 ];
       [ cc54$1*-0.80852 ];
       [ cc56$1*11.75539 ];
       [ cc60$1*-2.93555 ];
       [ cc61$1*9.03645 ];
       [ cc62$1*-1.41611 ];
       [ cc64$1*5.20270 ];
       [ cc65$1*-1.70110 ];
       [ cc66$1*6.74214 ];
       [ cc67$1*5.97714 ];
       [ cc68$1*-1.57837 ];
       [ cc69$1*0.09323 ];
       [ cc71$1*5.80012 ];
       [ cc72$1*11.54118 ];
       [ cc74$1*9.22172 ];
       [ cc75$1*10.37636 ];
       [ cc76$1*4.09470 ];
       [ cc78$1*-0.13221 ];
       [ cc79y$1*11.30043 ];
       [ cc80$1*-0.86631 ];
       [ cc83$1*-0.30620 ];
       [ cc84$1*5.92657 ];
       [ cc85$1*-0.72034 ];
       [ cc87$1*0.48654 ];
       [ cc89$1*-2.58484 ];
       [ dd15$1*6.80693 ];
       [ dd19$1*12.98573 ];
       [ dd19$2*14.33817 ];
       [ dd19$3*15.10629 ];
       [ dd19$4*17.11572 ];
       [ dd103$1*-6.73831 ];
       [ dd103$2*-3.49839 ];
       [ dd103$3*-2.40109 ];
       [ dd103$4*0.18660 ];
       [ dd205$1*5.42314 ];
       [ dd205$2*7.02652 ];
       [ dd205$3*7.88116 ];
       [ dd205$4*9.56347 ];
       [ dd207$1*2.72370 ];
       [ dd207$2*4.91876 ];
       [ dd207$3*7.22450 ];
       [ dd221$1*-6.37469 ];
       [ dd221$2*-3.40910 ];
       [ dd299$1*-5.60620 ];
       [ dd299$2*-3.75701 ];
       [ dd299$3*-2.31711 ];
       [ dd299$4*2.08158 ];
       [ eg1_1$1*7.09795 ];
       [ eg1_2$1*7.73953 ];
       [ eg2_1$1*11.29545 ];
       [ eg3_1$1*11.69686 ];
       [ eg4a_1$1*9.84771 ];
       [ eg4b_2$1*8.34073 ];
       [ eg5a$1*-6.04113 ];
       [ eg5a$2*-3.66818 ];
       [ eg5a$3*-2.48001 ];
       [ eg5a$4*0.20856 ];
       [ eg5b$1*-1.27840 ];
       [ eg6_1$1*-1.19495 ];
       [ eg6_2$1*-2.48010 ];
       [ eg7_1$1*-2.23839 ];
       [ eg7_2$1*-0.66758 ];
       [ eg8_1$1*-0.48696 ];
       [ eg8_2$1*0.44556 ];
       [ eg9a$1*1.58996 ];
       [ eg10a$1*9.26049 ];
       [ eg11_1$1*9.10703 ];
       [ eg12a$1*10.46099 ];
       [ eg13a$1*7.18774 ];
       [ eg14a$1*13.10177 ];
       [ eg14b$1*7.29179 ];
       [ eg15_1$1*7.35328 ];
       [ eg15_1$2*9.04378 ];
       [ eg15_1$3*9.84745 ];
       [ eg15_1$4*11.96424 ];
       [ eg15_2$1*9.32904 ];
       [ eg15_2$2*11.05125 ];
       [ eg15_2$3*11.67768 ];
       [ eg15_2$4*13.87463 ];
       [ eg16a_1$1*-2.96541 ];
       [ eg16a_1$2*-2.32045 ];
       [ eg16a_1$3*-0.29431 ];
       [ eg16a_2$1*-3.61992 ];
       [ eg16a_2$2*-2.69080 ];
       [ eg16a_2$3*-0.14444 ];
       [ eg16b$1*-5.13585 ];
       [ eg16c$1*-1.70017 ];
       [ eg17a$1*-5.08536 ];
       [ eg17a$2*-2.09877 ];
       [ eg17a$3*-0.88564 ];
       [ eg17a$4*1.67849 ];
       [ eg17b$1*-1.48091 ];
       [ eg18a$1*-6.14224 ];
       [ eg18a$2*-3.36370 ];
       [ eg18a$3*-1.92181 ];
       [ eg18a$4*0.77708 ];
       [ eg18b$1*-1.11935 ];
       [ eg19a_2$1*16.26626 ];
       [ eg19a_3$1*13.25546 ];
       [ eg19a_4$1*15.57176 ];
       [ eg20a$1*8.13953 ];
       [ eg20a$2*10.18679 ];
       [ eg20a$3*12.20857 ];
       [ eg20a$4*14.51497 ];
       [ eg20b_1$1*4.86525 ];
       [ eg20b_1$2*6.12280 ];
       [ eg20b_1$3*7.67573 ];
       [ eg20b_1$4*8.62124 ];
       [ eg20b_1$5*10.82113 ];
       [ eg20c$1*12.23035 ];
       [ eg20d$1*10.93214 ];
       [ eg20e_1$1*9.83191 ];
       [ eg20e_2$1*10.26273 ];
       [ eg21a$1*8.00261 ];
       [ eg21a$2*9.48460 ];
       [ eg21a$3*10.01333 ];
       [ eg21a$4*11.24530 ];
       [ eg21b$1*10.71984 ];
       [ eg22_1$1*15.01538 ];
       [ eg22_1$2*16.70803 ];
       [ eg22_1$3*17.41106 ];
       [ eg22_1$4*19.62564 ];
       [ eg22_2$1*13.01778 ];
       [ eg22_2$2*14.51645 ];
       [ eg22_2$3*15.33022 ];
       [ eg22_2$4*17.32160 ];
       [ eg23a$1*-6.76317 ];
       [ eg23a$2*-3.91040 ];
       [ eg23a$3*-2.36827 ];
       [ eg23a$4*0.40293 ];
       [ eg23b$1*-1.53209 ];
       [ eg24b$1*-7.07225 ];
       [ eg24b$2*-5.10332 ];
       [ eg24b$3*-3.41989 ];
       [ eg24b$4*1.01126 ];
       [ eg25a$1*-6.24053 ];
       [ eg25a$2*-4.47396 ];
       [ eg25a$3*-3.09797 ];
       [ eg25a$4*0.85499 ];
       [ eg25b$1*-1.63400 ];
       [ eg26b$1*-6.06150 ];
       [ eg26b$2*-4.42525 ];
       [ eg26b$3*-2.97400 ];
       [ eg26b$4*0.79192 ];
       [ eg27a$1*5.37561 ];
       [ eg27a$2*7.40267 ];
       [ eg27a$3*8.13090 ];
       [ eg27a$4*9.75191 ];
       [ eg27b_1$1*9.35614 ];
       [ eg28a$1*18.20282 ];
       [ eg28a$2*19.19979 ];
       [ eg28a$3*19.87222 ];
       [ eg28a$4*21.13222 ];
       [ eg28b$1*18.97578 ];
       [ eg28c$1*19.64224 ];
       [ eg29a$1*7.03990 ];
       [ eg29a$2*9.02108 ];
       [ eg29a$3*9.94935 ];
       [ eg29a$4*11.25013 ];
       [ eg29b$1*8.04703 ];
       [ eg29b$2*10.61193 ];
       [ eg29b$3*11.92254 ];
       [ eg29c$1*8.15650 ];
       [ eg30a$1*7.79735 ];
       [ eg30a$2*9.57947 ];
       [ eg30a$3*12.71251 ];
       [ eg30c$1*8.27609 ];
       [ eg30d$1*-16.06760 ];
       [ eg30e$1*-14.92196 ];
       [ eg30f$1*5.67179 ];
       [ eg31a_1$1*6.39253 ];
       [ eg31a_2$1*4.46127 ];
       [ eg31b$1*6.08236 ];
       [ eg32a$1*9.56344 ];
       [ eg32a$2*11.41680 ];
       [ eg32a$3*13.25472 ];
       [ eg32b$1*12.54419 ];
       [ eg33a$1*11.10972 ];
       [ eg33a$2*12.70637 ];
       [ eg33a$3*14.99343 ];
       [ eg33b$1*10.91052 ];
       [ eg34a$1*3.30826 ];
       [ eg34a$2*6.64083 ];
       [ eg34b$1*6.45468 ];
       [ eg35b$1*3.62410 ];
       [ eg36b$1*4.86488 ];
       [ eg37_1$1*-5.73160 ];
       [ eg37_1$2*-3.78112 ];
       [ eg37_1$3*-2.73362 ];
       [ eg37_1$4*-0.59535 ];
       [ eg37_2$1*-3.24123 ];
       [ eg37_2$2*-1.36007 ];
       [ eg37_2$3*-0.77861 ];
       [ eg37_2$4*0.94434 ];
       [ eg38a$1*-4.97112 ];
       [ eg38a$2*-2.63198 ];
       [ eg38a$3*-1.82438 ];
       [ eg38a$4*0.41726 ];
       [ eg38b$1*-2.86143 ];
       [ eg38c$1*-0.87631 ];
       [ eg39a$1*-1.46145 ];
       [ eg39a$2*1.91714 ];
       [ eg39a$3*3.40677 ];
       [ eg39a$4*5.13968 ];
       [ eg39b$1*-5.21963 ];
       [ eg39b$2*-1.97005 ];
       [ eg39b$3*-0.79390 ];
       [ eg39b$4*1.56974 ];
       [ eg40_1$1*-5.26851 ];
       [ eg40_1$2*-2.59967 ];
       [ eg40_1$3*-1.27248 ];
       [ eg40_1$4*1.34879 ];
       [ eg41_1$1*-6.74112 ];
       [ eg41_1$2*-2.87794 ];
       [ eg41_1$3*-0.00636 ];
       [ eg41_2$1*-0.91622 ];
       [ eg41_2$2*1.64032 ];
       [ eg41_2$3*2.66309 ];
       [ eg41_2$4*5.34870 ];
       [ eg42a$1*11.70852 ];
       [ eg42a$2*13.14193 ];
       [ eg42a$3*15.82792 ];
       [ eg42c$1*13.34475 ];
       [ eg42c$2*15.13921 ];
       [ eg42c$3*16.08659 ];
       [ eg42c$4*17.88183 ];
       [ eg43a_1$1*4.58161 ];
       [ eg43a_1$2*6.36654 ];
       [ eg43a_1$3*7.16148 ];
       [ eg43a_1$4*9.39924 ];
       [ eg43a_2$1*-3.69743 ];
       [ eg43a_2$2*-1.97178 ];
       [ eg43a_2$3*-0.98759 ];
       [ eg43a_2$4*0.96785 ];
       [ eg43b$1*9.93062 ];
       [ eg44_1$1*5.34818 ];
       [ eg44_2$1*-9.09403 ];
       [ eg45_1$1*10.06955 ];
       [ eg45_1$2*12.09546 ];
       [ eg45_1$3*13.01291 ];
       [ eg45_1$4*15.06763 ];
       [ eg45_2$1*10.55483 ];
       [ eg45_2$2*12.74660 ];
       [ eg45_2$3*13.76063 ];
       [ eg45_2$4*16.05154 ];
       [ eg46a_1$1*3.78767 ];
       [ eg46a_2$1*4.63928 ];
       [ eg46b$1*1.60629 ];
       [ eg46c$1*3.28272 ];
       [ eg46d$1*2.49523 ];
       [ eg47a$1*11.16681 ];
       [ eg47b$1*7.70211 ];
       [ eg48_2$1*10.31626 ];
       [ eg49_1$1*0.84626 ];
       [ eg49_2$1*2.22968 ];
       [ eg50b$1*8.38062 ];
       [ ps002$1*-4.66907 ];
       [ ps002$2*-1.82181 ];
       [ ps003$1*-6.54574 ];
       [ ps003$2*-3.48124 ];
       [ ps004$1*-5.50071 ];
       [ ps004$2*-3.80358 ];
       [ ps005$1*-5.73542 ];
       [ ps005$2*-3.40396 ];
       [ ps006$1*-6.29851 ];
       [ ps006$2*-2.49593 ];
       [ ps007$1*-7.17489 ];
       [ ps007$2*-3.50547 ];
       [ ps008$1*-6.36054 ];
       [ ps008$2*-2.88254 ];
       [ ps009$1*-5.99427 ];
       [ ps009$2*-3.00555 ];
       [ ps010$1*-5.13393 ];
       [ ps010$2*-2.68168 ];
       [ ps011$1*-4.42941 ];
       [ ps011$2*-1.82619 ];
       [ ps013$1*-4.49833 ];
       [ ps013$2*-2.38350 ];
       [ ps014$1*-7.39790 ];
       [ ps014$2*-5.04859 ];
       [ ps015$1*-8.97789 ];
       [ ps015$2*-5.81622 ];
       [ ps016$1*-8.28534 ];
       [ ps016$2*-5.21794 ];
       [ ps017$1*-6.39978 ];
       [ ps017$2*-3.78472 ];
       [ ps018$1*-3.92282 ];
       [ ps018$2*-1.07257 ];
       [ ps019$1*-5.41568 ];
       [ ps019$2*-3.05039 ];
       [ ps020$1*-3.75352 ];
       [ ps020$2*-0.29845 ];
       [ ps022$1*-8.17880 ];
       [ ps022$2*-5.30752 ];
       [ ps023$1*-7.35096 ];
       [ ps023$2*-4.07448 ];
       [ ps024$1*-9.40009 ];
       [ ps024$2*-6.02606 ];
       [ ps025$1*-5.12508 ];
       [ ps025$2*-2.13534 ];
       [ ps026$1*-7.93861 ];
       [ ps026$2*-5.09458 ];
       [ ps027$1*-8.13205 ];
       [ ps027$2*-5.09272 ];
       [ ps028$1*-5.77710 ];
       [ ps028$2*-1.78012 ];
       [ ps029$1*-8.45442 ];
       [ ps029$2*-5.72152 ];
       [ ps030$1*-3.96117 ];
       [ ps030$2*-1.10455 ];
       [ ps031$1*-5.82776 ];
       [ ps031$2*-2.66616 ];
       [ ps032$1*-9.23392 ];
       [ ps032$2*-6.06405 ];
       [ ps034$1*-6.11290 ];
       [ ps034$2*-2.68736 ];
       [ ps035$1*-5.38487 ];
       [ ps035$2*-2.23034 ];
       [ ps036$1*-5.10811 ];
       [ ps036$2*-2.37748 ];
       [ ps037$1*-7.52990 ];
       [ ps037$2*-3.48610 ];
       [ ps038$1*-5.70471 ];
       [ ps038$2*-1.83326 ];
       [ ps039$1*-5.93139 ];
       [ ps039$2*-2.59080 ];
       [ ps040$1*-6.08053 ];
       [ ps040$2*-2.93933 ];
       [ ps041$1*-9.39991 ];
       [ ps041$2*-5.76464 ];
       [ ps042$1*-8.07419 ];
       [ ps042$2*-4.77244 ];
       [ ps043$1*-8.55392 ];
       [ ps043$2*-5.90672 ];
       [ ps044$1*-7.78031 ];
       [ ps044$2*-5.25396 ];
       [ ps045$1*-10.23492 ];
       [ ps045$2*-7.91606 ];
       [ ps046$1*-5.80681 ];
       [ ps046$2*-1.84591 ];
       [ ps047$1*-4.84221 ];
       [ ps047$2*-1.61877 ];
       [ ps048$1*-7.93122 ];
       [ ps048$2*-4.40231 ];
       [ ps049$1*-9.40978 ];
       [ ps049$2*-6.52318 ];

       f_psych@1;
       f_dev@1;


  MODEL PRIORS:
    ! N(0,1) priors on all loadings
    a001 ~ N(0, 5);
    a002 ~ N(0, 5);
    !a003 ~ N(0, 5);
    !a004 ~ N(0, 5);
    !a005 ~ N(0, 5);
    a006 ~ N(0, 5);
    !a007 ~ N(0, 5);
    a008 ~ N(0, 5);
    a009 ~ N(0, 5);
    a010 ~ N(0, 5);
    !a011 ~ N(0, 5);
    !a012 ~ N(0, 5);
    a013 ~ N(0, 5);
    a014 ~ N(0, 5);
    a015 ~ N(0, 5);
    a016 ~ N(0, 5);
    !a017 ~ N(0, 5);
    a018 ~ N(0, 5);
    a019 ~ N(0, 5);
    a020 ~ N(0, 5);
    a021 ~ N(0, 5);
    !a022 ~ N(0, 5);
    a023 ~ N(0, 5);
    a024 ~ N(0, 5);
    a025 ~ N(0, 5);
    a026 ~ N(0, 5);
    a027 ~ N(0, 5);
    !a028 ~ N(0, 5);
    !a029 ~ N(0, 5);
    a030 ~ N(0, 5);
    a031 ~ N(0, 5);
    !a032 ~ N(0, 5);
    !a033 ~ N(0, 5);
    !a034 ~ N(0, 5);
    a035 ~ N(0, 5);
    !a036 ~ N(0, 5);
    a037 ~ N(0, 5);
    !a038 ~ N(0, 5);
    a039 ~ N(0, 5);
    a040 ~ N(0, 5);
    a041 ~ N(0, 5);
    a042 ~ N(0, 5);
    a043 ~ N(0, 5);
    a044 ~ N(0, 5);
    a045 ~ N(0, 5);
    a046 ~ N(0, 5);
    a047 ~ N(0, 5);
    a048 ~ N(0, 5);
    a049 ~ N(0, 5);
    a050 ~ N(0, 5);
    a051 ~ N(0, 5);
    a052 ~ N(0, 5);
    a053 ~ N(0, 5);
    a054 ~ N(0, 5);
    a055 ~ N(0, 5);
    a056 ~ N(0, 5);
    a057 ~ N(0, 5);
    a058 ~ N(0, 5);
    a059 ~ N(0, 5);
    a060 ~ N(0, 5);
    a061 ~ N(0, 5);
    a062 ~ N(0, 5);
    a063 ~ N(0, 5);
    a064 ~ N(0, 5);
    !a065 ~ N(0, 5);
    !a066 ~ N(0, 5);
    a067 ~ N(0, 5);
    a068 ~ N(0, 5);
    a069 ~ N(0, 5);
    !a070 ~ N(0, 5);
    a071 ~ N(0, 5);
    a072 ~ N(0, 5);
    a073 ~ N(0, 5);
    a074 ~ N(0, 5);
    a075 ~ N(0, 5);
    a076 ~ N(0, 5);
    a077 ~ N(0, 5);
    a078 ~ N(0, 5);
    a079 ~ N(0, 5);
    a080 ~ N(0, 5);
    a081 ~ N(0, 5);
    a082 ~ N(0, 5);
    a083 ~ N(0, 5);
    a084 ~ N(0, 5);
    a085 ~ N(0, 5);
    a086 ~ N(0, 5);
    a087 ~ N(0, 5);
    a088 ~ N(0, 5);
    a089 ~ N(0, 5);
    a090 ~ N(0, 5);
    a091 ~ N(0, 5);
    a092 ~ N(0, 5);
    a093 ~ N(0, 5);
    a094 ~ N(0, 5);
    a095 ~ N(0, 5);
    a096 ~ N(0, 5);
    a097 ~ N(0, 5);
    a098 ~ N(0, 5);
    a099 ~ N(0, 5);
    a100 ~ N(0, 5);
    a101 ~ N(0, 5);
    a102 ~ N(0, 5);
    a103 ~ N(0, 5);
    a104 ~ N(0, 5);
    a105 ~ N(0, 5);
    a106 ~ N(0, 5);
    a107 ~ N(0, 5);
    a108 ~ N(0, 5);
    a109 ~ N(0, 5);
    a110 ~ N(0, 5);
    a111 ~ N(0, 5);
    a112 ~ N(0, 5);
    a113 ~ N(0, 5);
    a114 ~ N(0, 5);
    a115 ~ N(0, 5);
    a116 ~ N(0, 5);

    b001 ~ N(0, 5);
    b002 ~ N(0, 5);
    b003 ~ N(0, 5);
    b004 ~ N(0, 5);
    b005 ~ N(0, 5);
    b006 ~ N(0, 5);
    b007 ~ N(0, 5);
    b008 ~ N(0, 5);
    b009 ~ N(0, 5);
    b010 ~ N(0, 5);
    b011 ~ N(0, 5);
    b012 ~ N(0, 5);
    b013 ~ N(0, 5);
    b014 ~ N(0, 5);
    b015 ~ N(0, 5);
    b016 ~ N(0, 5);
    b017 ~ N(0, 5);
    b018 ~ N(0, 5);
    b019 ~ N(0, 5);
    b020 ~ N(0, 5);
    b021 ~ N(0, 5);
    b022 ~ N(0, 5);
    b023 ~ N(0, 5);
    b024 ~ N(0, 5);
    b025 ~ N(0, 5);
    b026 ~ N(0, 5);
    b027 ~ N(0, 5);
    b028 ~ N(0, 5);
    b029 ~ N(0, 5);
    b030 ~ N(0, 5);
    b031 ~ N(0, 5);
    b032 ~ N(0, 5);
    b033 ~ N(0, 5);
    b034 ~ N(0, 5);
    b035 ~ N(0, 5);
    !b036 ~ N(0, 5);
    b037 ~ N(0, 5);
    b038 ~ N(0, 5);
    b039 ~ N(0, 5);
    b040 ~ N(0, 5);
    b041 ~ N(0, 5);
    b042 ~ N(0, 5);
    b043 ~ N(0, 5);
    b044 ~ N(0, 5);
    b045 ~ N(0, 5);
    b046 ~ N(0, 5);
    b047 ~ N(0, 5);
    b048 ~ N(0, 5);
    b049 ~ N(0, 5);
    b050 ~ N(0, 5);
    b051 ~ N(0, 5);
    b052 ~ N(0, 5);
    b053 ~ N(0, 5);
    b054 ~ N(0, 5);
    b055 ~ N(0, 5);
    b056 ~ N(0, 5);
    b057 ~ N(0, 5);
    b058 ~ N(0, 5);
    b059 ~ N(0, 5);
    b060 ~ N(0, 5);
    b061 ~ N(0, 5);
    b062 ~ N(0, 5);
    b063 ~ N(0, 5);
    b064 ~ N(0, 5);
    b065 ~ N(0, 5);
    b066 ~ N(0, 5);
    b067 ~ N(0, 5);
    b068 ~ N(0, 5);
    b069 ~ N(0, 5);
    b070 ~ N(0, 5);
    b071 ~ N(0, 5);
    b072 ~ N(0, 5);
    b073 ~ N(0, 5);
    b074 ~ N(0, 5);
    b075 ~ N(0, 5);
    b076 ~ N(0, 5);
    b077 ~ N(0, 5);
    b078 ~ N(0, 5);
    b079 ~ N(0, 5);
    b080 ~ N(0, 5);
    b081 ~ N(0, 5);
    b082 ~ N(0, 5);
    b083 ~ N(0, 5);
    b084 ~ N(0, 5);
    !b085 ~ N(0, 5);
    b086 ~ N(0, 5);
    b087 ~ N(0, 5);
    b088 ~ N(0, 5);
    b089 ~ N(0, 5);
    b090 ~ N(0, 5);
    b091 ~ N(0, 5);
    b092 ~ N(0, 5);
    b093 ~ N(0, 5);
    b094 ~ N(0, 5);
    b095 ~ N(0, 5);
    b096 ~ N(0, 5);
    b097 ~ N(0, 5);
    b098 ~ N(0, 5);
    b099 ~ N(0, 5);
    b100 ~ N(0, 5);
    b101 ~ N(0, 5);
    b102 ~ N(0, 5);
    b103 ~ N(0, 5);
    b104 ~ N(0, 5);
    b105 ~ N(0, 5);
    b106 ~ N(0, 5);
    b107 ~ N(0, 5);
    b108 ~ N(0, 5);
    b109 ~ N(0, 5);
    b110 ~ N(0, 5);
    b111 ~ N(0, 5);
    b112 ~ N(0, 5);
    b113 ~ N(0, 5);
    b114 ~ N(0, 5);
    b115 ~ N(0, 5);
    b116 ~ N(0, 5);
    b117 ~ N(0, 5);
    b118 ~ N(0, 5);
    b119 ~ N(0, 5);
    b120 ~ N(0, 5);
    !b121 ~ N(0, 5);
    !b122 ~ N(0, 5);
    b123 ~ N(0, 5);
    b124 ~ N(0, 5);
    b125 ~ N(0, 5);
    b126 ~ N(0, 5);
    b127 ~ N(0, 5);
    b128 ~ N(0, 5);
    b129 ~ N(0, 5);
    b130 ~ N(0, 5);
    b131 ~ N(0, 5);
    b132 ~ N(0, 5);
    b133 ~ N(0, 5);
    b134 ~ N(0, 5);
    b135 ~ N(0, 5);
    b136 ~ N(0, 5);
    b137 ~ N(0, 5);
    b138 ~ N(0, 5);
    b139 ~ N(0, 5);
    !b140 ~ N(0, 5);
    b141 ~ N(0, 5);
    b142 ~ N(0, 5);
    b143 ~ N(0, 5);
    b144 ~ N(0, 5);
    b145 ~ N(0, 5);
    b146 ~ N(0, 5);
    b147 ~ N(0, 5);
    b148 ~ N(0, 5);
    b149 ~ N(0, 5);
    b150 ~ N(0, 5);
    b151 ~ N(0, 5);
    b152 ~ N(0, 5);
    b153 ~ N(0, 5);

  OUTPUT:
    SVALUES;

  SAVEDATA:
    SAVE = fscores;
    FILE = "model_1c_fscores.dat";





*** WARNING
  Data set contains cases with missing on x-variables.
  These cases were not included in the analysis.
  Number of cases with missing on x-variables:  43
   1 WARNING(S) FOUND IN THE INPUT INSTRUCTIONS




Model 1b - Free Loadings Within Domain + N(0,1) Priors
NE25 Authenticity Screening Stage 1
2-Parameter IRT with Demographic Covariates
Generated: 2025-12-01

